#! /c/Source/iverilog-install/bin/vvp
:ivl_version "12.0 (devel)" "(s20150603-1539-g2693dd32b)";
:ivl_delay_selection "TYPICAL";
:vpi_time_precision + 0;
:vpi_module "D:\Develop\iverilog\lib\ivl\system.vpi";
:vpi_module "D:\Develop\iverilog\lib\ivl\vhdl_sys.vpi";
:vpi_module "D:\Develop\iverilog\lib\ivl\vhdl_textio.vpi";
:vpi_module "D:\Develop\iverilog\lib\ivl\v2005_math.vpi";
:vpi_module "D:\Develop\iverilog\lib\ivl\va_math.vpi";
S_00000269e58dfe40 .scope module, "sccomp_tb" "sccomp_tb" 2 2;
 .timescale 0 0;
v00000269e5950d50_0 .var "clk", 0 0;
v00000269e594ec30_0 .var/i "counter", 31 0;
v00000269e5950df0_0 .var/i "debug_output", 31 0;
v00000269e594fd10_0 .var/i "foutput", 31 0;
v00000269e594fe50_0 .var/i "pc_output", 31 0;
v00000269e5950e90_0 .net "reg_data", 31 0, L_00000269e599b650;  1 drivers
v00000269e59503f0_0 .var "reg_sel", 4 0;
v00000269e5950210_0 .var "rstn", 0 0;
S_00000269e58de350 .scope module, "U_SCCOMP" "sccomp" 2 9, 3 1 0, S_00000269e58dfe40;
 .timescale 0 0;
    .port_info 0 /INPUT 1 "clk";
    .port_info 1 /INPUT 1 "rstn";
    .port_info 2 /INPUT 5 "reg_sel";
    .port_info 3 /OUTPUT 32 "reg_data";
L_00000269e58ad3d0 .functor NOT 1, v00000269e5950210_0, C4<0>, C4<0>, C4<0>;
v00000269e5950670_0 .net "DMType", 2 0, L_00000269e58ad670;  1 drivers
v00000269e5950f30_0 .net "MemWrite", 0 0, L_00000269e59a27f0;  1 drivers
v00000269e594fef0_0 .net "PC", 31 0, v00000269e58ce820_0;  1 drivers
v00000269e5950ad0_0 .net "clk", 0 0, v00000269e5950d50_0;  1 drivers
v00000269e5951110_0 .net "dm_addr", 31 0, v00000269e594b0b0_0;  1 drivers
v00000269e594f450_0 .net "dm_din", 31 0, L_00000269e59a2630;  1 drivers
v00000269e594f9f0_0 .net "dm_dout", 31 0, v00000269e58cec80_0;  1 drivers
v00000269e594fbd0_0 .net "instr", 31 0, L_00000269e59a0f00;  1 drivers
v00000269e59502b0_0 .net "reg_data", 31 0, L_00000269e599b650;  alias, 1 drivers
v00000269e594fc70_0 .net "reg_sel", 4 0, v00000269e59503f0_0;  1 drivers
v00000269e5950cb0_0 .net "rst", 0 0, L_00000269e58ad3d0;  1 drivers
v00000269e59511b0_0 .net "rstn", 0 0, v00000269e5950210_0;  1 drivers
L_00000269e599ddb0 .part v00000269e594b0b0_0, 2, 7;
L_00000269e599e3f0 .part v00000269e58ce820_0, 2, 30;
S_00000269e58de4e0 .scope module, "U_DM" "dm" 3 36, 4 4 0, S_00000269e58de350;
 .timescale 0 0;
    .port_info 0 /INPUT 1 "clk";
    .port_info 1 /INPUT 1 "DMWr";
    .port_info 2 /INPUT 7 "addr";
    .port_info 3 /INPUT 32 "din";
    .port_info 4 /INPUT 3 "DMType";
    .port_info 5 /OUTPUT 32 "dout";
L_00000269e59a0e90 .functor BUFZ 32, L_00000269e599b3d0, C4<00000000000000000000000000000000>, C4<00000000000000000000000000000000>, C4<00000000000000000000000000000000>;
v00000269e58cf540_0 .net "DMType", 2 0, L_00000269e58ad670;  alias, 1 drivers
v00000269e58cff40_0 .net "DMWr", 0 0, L_00000269e59a27f0;  alias, 1 drivers
v00000269e58cf7c0_0 .net *"_ivl_0", 31 0, L_00000269e599b3d0;  1 drivers
v00000269e58ceb40_0 .net *"_ivl_2", 8 0, L_00000269e599b470;  1 drivers
L_00000269e5953f50 .functor BUFT 1, C4<00>, C4<0>, C4<0>, C4<0>;
v00000269e58ce8c0_0 .net *"_ivl_5", 1 0, L_00000269e5953f50;  1 drivers
v00000269e58cfb80_0 .net "addr", 8 2, L_00000269e599ddb0;  1 drivers
v00000269e58cf680_0 .net "clk", 0 0, v00000269e5950d50_0;  alias, 1 drivers
v00000269e58cedc0_0 .net "din", 31 0, L_00000269e59a2630;  alias, 1 drivers
v00000269e58cebe0 .array "dmem", 0 127, 31 0;
v00000269e58cec80_0 .var "dout", 31 0;
v00000269e58ce3c0_0 .net "word", 31 0, L_00000269e59a0e90;  1 drivers
E_00000269e58c5f20 .event anyedge, v00000269e58cf540_0, v00000269e58ce3c0_0;
E_00000269e58c5220 .event posedge, v00000269e58cf680_0;
L_00000269e599b3d0 .array/port v00000269e58cebe0, L_00000269e599b470;
L_00000269e599b470 .concat [ 7 2 0 0], L_00000269e599ddb0, L_00000269e5953f50;
S_00000269e5469a40 .scope module, "U_IM" "im" 3 46, 5 3 0, S_00000269e58de350;
 .timescale 0 0;
    .port_info 0 /INPUT 30 "addr";
    .port_info 1 /OUTPUT 32 "dout";
L_00000269e59a0f00 .functor BUFZ 32, L_00000269e599e170, C4<00000000000000000000000000000000>, C4<00000000000000000000000000000000>, C4<00000000000000000000000000000000>;
v00000269e58cf9a0 .array "ROM", 0 1023, 31 0;
v00000269e58cf400_0 .net *"_ivl_0", 31 0, L_00000269e599e170;  1 drivers
v00000269e58ce6e0_0 .net "addr", 31 2, L_00000269e599e3f0;  1 drivers
v00000269e58cfc20_0 .net "dout", 31 0, L_00000269e59a0f00;  alias, 1 drivers
L_00000269e599e170 .array/port v00000269e58cf9a0, L_00000269e599e3f0;
S_00000269e5469bd0 .scope module, "U_SCPU" "SCPU" 3 21, 6 2 0, S_00000269e58de350;
 .timescale 0 0;
    .port_info 0 /INPUT 1 "clk";
    .port_info 1 /INPUT 1 "reset";
    .port_info 2 /INPUT 32 "inst_in";
    .port_info 3 /INPUT 32 "Data_in";
    .port_info 4 /OUTPUT 1 "mem_w";
    .port_info 5 /OUTPUT 32 "PC_out";
    .port_info 6 /OUTPUT 32 "Addr_out";
    .port_info 7 /OUTPUT 32 "Data_out";
    .port_info 8 /INPUT 5 "reg_sel";
    .port_info 9 /OUTPUT 32 "reg_data";
    .port_info 10 /OUTPUT 3 "DMType_out";
L_00000269e58ad670 .functor BUFZ 3, v00000269e594b150_0, C4<000>, C4<000>, C4<000>;
L_00000269e59a2630 .functor BUFZ 32, v00000269e594b510_0, C4<00000000000000000000000000000000>, C4<00000000000000000000000000000000>, C4<00000000000000000000000000000000>;
L_00000269e59a27f0 .functor BUFZ 1, v00000269e594bd30_0, C4<0>, C4<0>, C4<0>;
v00000269e594ae30_0 .net "ALUOp", 4 0, L_00000269e599b510;  1 drivers
v00000269e5949cb0_0 .net "ALUSrc", 0 0, L_00000269e599fba0;  1 drivers
v00000269e594b970_0 .net "Addr_out", 31 0, v00000269e594b0b0_0;  alias, 1 drivers
v00000269e594bbf0_0 .net "B", 31 0, L_00000269e5950490;  1 drivers
v00000269e594c2d0_0 .net "DMType", 2 0, L_00000269e599bdd0;  1 drivers
v00000269e594a110_0 .net "DMType_out", 2 0, L_00000269e58ad670;  alias, 1 drivers
v00000269e594ad90_0 .net "Data_in", 31 0, v00000269e58cec80_0;  alias, 1 drivers
v00000269e594c370_0 .net "Data_out", 31 0, L_00000269e59a2630;  alias, 1 drivers
v00000269e594a930_0 .net "EXTOp", 5 0, L_00000269e599c370;  1 drivers
v00000269e594aed0_0 .var "EX_MEM_ALUResult", 31 0;
v00000269e594b150_0 .var "EX_MEM_DMType", 2 0;
v00000269e594a1b0_0 .var "EX_MEM_Inst", 31 0;
v00000269e594a6b0_0 .var "EX_MEM_MemWrite", 0 0;
v00000269e5949f30_0 .var "EX_MEM_NPCOp", 2 0;
v00000269e594b650_0 .var "EX_MEM_PC", 31 0;
v00000269e594b6f0_0 .var "EX_MEM_RD2", 31 0;
v00000269e594b3d0_0 .var "EX_MEM_RegWrite", 0 0;
v00000269e594a750_0 .var "EX_MEM_WDSel", 1 0;
v00000269e594bfb0_0 .var "EX_MEM_rd", 4 0;
v00000269e594a9d0_0 .var "EX_MEM_valid", 0 0;
v00000269e594b830_0 .net "Funct3", 2 0, L_00000269e5951cf0;  1 drivers
v00000269e5949c10_0 .net "Funct7", 6 0, L_00000269e5951890;  1 drivers
o00000269e58e78b8 .functor BUFZ 2, C4<zz>; HiZ drive
v00000269e5949d50_0 .net "GPRSel", 1 0, o00000269e58e78b8;  0 drivers
v00000269e594ab10_0 .var "ID_EX_ALUOp", 4 0;
v00000269e594b8d0_0 .var "ID_EX_ALUSrc", 0 0;
v00000269e594a7f0_0 .var "ID_EX_DMType", 2 0;
v00000269e594a250_0 .var "ID_EX_Imm", 31 0;
v00000269e5949df0_0 .var "ID_EX_Inst", 31 0;
v00000269e5949fd0_0 .var "ID_EX_MemWrite", 0 0;
v00000269e594a570_0 .var "ID_EX_NPCOp", 2 0;
v00000269e594aa70_0 .var "ID_EX_PC", 31 0;
v00000269e5949e90_0 .var "ID_EX_RD1", 31 0;
v00000269e594b470_0 .var "ID_EX_RD2", 31 0;
v00000269e594ac50_0 .var "ID_EX_RegWrite", 0 0;
v00000269e594ba10_0 .var "ID_EX_WDSel", 1 0;
v00000269e594a2f0_0 .var "ID_EX_rd", 4 0;
v00000269e594af70_0 .var "ID_EX_rs1", 4 0;
v00000269e594a070_0 .var "ID_EX_rs2", 4 0;
v00000269e594b010_0 .var "ID_EX_valid", 0 0;
v00000269e594be70_0 .var "IF_ID_Inst", 31 0;
v00000269e594a390_0 .var "IF_ID_PC", 31 0;
v00000269e594a430_0 .var "IF_ID_valid", 0 0;
v00000269e594bc90_0 .net "IMM", 19 0, L_00000269e5951ed0;  1 drivers
v00000269e594acf0_0 .net "Imm12", 11 0, L_00000269e59526f0;  1 drivers
v00000269e594b0b0_0 .var "MEM_WB_ALUResult", 31 0;
v00000269e594b290_0 .var "MEM_WB_Inst", 31 0;
v00000269e594a4d0_0 .var "MEM_WB_MemData", 31 0;
v00000269e594bd30_0 .var "MEM_WB_MemWrite", 0 0;
v00000269e594b330_0 .var "MEM_WB_PC", 31 0;
v00000269e594b510_0 .var "MEM_WB_RD2", 31 0;
v00000269e594b5b0_0 .var "MEM_WB_RegWrite", 0 0;
v00000269e594bdd0_0 .var "MEM_WB_WDSel", 1 0;
v00000269e594bf10_0 .var "MEM_WB_rd", 4 0;
v00000269e594c0f0_0 .var "MEM_WB_valid", 0 0;
v00000269e594c190_0 .net "MemWrite", 0 0, L_00000269e59a0150;  1 drivers
v00000269e59500d0_0 .net "NPC", 31 0, v00000269e58ced20_0;  1 drivers
v00000269e59507b0_0 .net "NPCOp", 2 0, L_00000269e599b150;  1 drivers
v00000269e594f090_0 .net "Op", 6 0, L_00000269e59525b0;  1 drivers
v00000269e5950990_0 .net "PC_out", 31 0, v00000269e58ce820_0;  alias, 1 drivers
v00000269e594fa90_0 .net "RD1", 31 0, L_00000269e599c9b0;  1 drivers
v00000269e594fb30_0 .net "RD2", 31 0, L_00000269e599d130;  1 drivers
v00000269e594ff90_0 .net "RegWrite", 0 0, L_00000269e599f040;  1 drivers
v00000269e594f590_0 .var "True_NPCOp", 2 0;
v00000269e594f770_0 .var "True_PC_for_next", 31 0;
v00000269e5951250_0 .var "WD", 31 0;
v00000269e5950850_0 .net "WDSel", 1 0, L_00000269e599b1f0;  1 drivers
v00000269e594f630_0 .net "Zero", 0 0, L_00000269e599ad90;  1 drivers
v00000269e5951070_0 .net *"_ivl_13", 0 0, L_00000269e5952790;  1 drivers
v00000269e59505d0_0 .net *"_ivl_15", 0 0, L_00000269e59517f0;  1 drivers
v00000269e5950710_0 .net *"_ivl_17", 5 0, L_00000269e5952010;  1 drivers
v00000269e5950030_0 .net *"_ivl_19", 3 0, L_00000269e59516b0;  1 drivers
v00000269e59508f0_0 .net *"_ivl_25", 0 0, L_00000269e5952510;  1 drivers
v00000269e5950b70_0 .net *"_ivl_27", 7 0, L_00000269e5952970;  1 drivers
v00000269e5950c10_0 .net *"_ivl_29", 0 0, L_00000269e5952330;  1 drivers
v00000269e594f6d0_0 .net *"_ivl_31", 9 0, L_00000269e5952470;  1 drivers
v00000269e594f810_0 .net *"_ivl_7", 6 0, L_00000269e594ee10;  1 drivers
v00000269e5950170_0 .net *"_ivl_9", 4 0, L_00000269e59528d0;  1 drivers
v00000269e594f1d0_0 .net "alu_B", 31 0, L_00000269e599acf0;  1 drivers
v00000269e5950a30_0 .net "aluout", 31 0, v00000269e593ab10_0;  1 drivers
v00000269e594f270_0 .net "bimm", 11 0, L_00000269e5952290;  1 drivers
v00000269e594f8b0_0 .net "clk", 0 0, v00000269e5950d50_0;  alias, 1 drivers
v00000269e5950530_0 .net "iimm", 11 0, L_00000269e594ed70;  1 drivers
v00000269e594f4f0_0 .net "iimm_shamt", 4 0, L_00000269e594ecd0;  1 drivers
v00000269e594eeb0_0 .net "immout", 31 0, v00000269e58ce460_0;  1 drivers
v00000269e59512f0_0 .net "inst_in", 31 0, L_00000269e59a0f00;  alias, 1 drivers
v00000269e594ef50_0 .net "jimm", 19 0, L_00000269e59520b0;  1 drivers
v00000269e594eff0_0 .net "mem_w", 0 0, L_00000269e59a27f0;  alias, 1 drivers
v00000269e594f130_0 .net "rd", 4 0, L_00000269e5951e30;  1 drivers
v00000269e5951390_0 .net "reg_data", 31 0, L_00000269e599b650;  alias, 1 drivers
v00000269e5950fd0_0 .net "reg_sel", 4 0, v00000269e59503f0_0;  alias, 1 drivers
v00000269e594f310_0 .net "reset", 0 0, L_00000269e58ad3d0;  alias, 1 drivers
v00000269e594f950_0 .net "rs1", 4 0, L_00000269e5952a10;  1 drivers
v00000269e5950350_0 .net "rs2", 4 0, L_00000269e5952650;  1 drivers
v00000269e594f3b0_0 .net "simm", 11 0, L_00000269e5951430;  1 drivers
v00000269e594fdb0_0 .net "uimm", 19 0, L_00000269e5952ab0;  1 drivers
E_00000269e58c52a0 .event anyedge, v00000269e594bdd0_0, v00000269e594b0b0_0, v00000269e594a4d0_0, v00000269e594b330_0;
E_00000269e58c52e0 .event anyedge, v00000269e594a570_0, v00000269e593ac50_0, v00000269e593bf10_0, v00000269e58ce820_0;
L_00000269e5950490 .functor MUXZ 32, L_00000269e599d130, v00000269e58ce460_0, L_00000269e599fba0, C4<>;
L_00000269e594ecd0 .part v00000269e594be70_0, 20, 5;
L_00000269e594ed70 .part v00000269e594be70_0, 20, 12;
L_00000269e594ee10 .part v00000269e594be70_0, 25, 7;
L_00000269e59528d0 .part v00000269e594be70_0, 7, 5;
L_00000269e5951430 .concat [ 5 7 0 0], L_00000269e59528d0, L_00000269e594ee10;
L_00000269e5952790 .part v00000269e594be70_0, 31, 1;
L_00000269e59517f0 .part v00000269e594be70_0, 7, 1;
L_00000269e5952010 .part v00000269e594be70_0, 25, 6;
L_00000269e59516b0 .part v00000269e594be70_0, 8, 4;
L_00000269e5952290 .concat [ 4 6 1 1], L_00000269e59516b0, L_00000269e5952010, L_00000269e59517f0, L_00000269e5952790;
L_00000269e5952ab0 .part v00000269e594be70_0, 12, 20;
L_00000269e5952510 .part v00000269e594be70_0, 31, 1;
L_00000269e5952970 .part v00000269e594be70_0, 12, 8;
L_00000269e5952330 .part v00000269e594be70_0, 20, 1;
L_00000269e5952470 .part v00000269e594be70_0, 21, 10;
L_00000269e59520b0 .concat [ 10 1 8 1], L_00000269e5952470, L_00000269e5952330, L_00000269e5952970, L_00000269e5952510;
L_00000269e59525b0 .part v00000269e594be70_0, 0, 7;
L_00000269e5951890 .part v00000269e594be70_0, 25, 7;
L_00000269e5951cf0 .part v00000269e594be70_0, 12, 3;
L_00000269e5952a10 .part v00000269e594be70_0, 15, 5;
L_00000269e5952650 .part v00000269e594be70_0, 20, 5;
L_00000269e5951e30 .part v00000269e594be70_0, 7, 5;
L_00000269e59526f0 .part v00000269e594be70_0, 20, 12;
L_00000269e5951ed0 .part v00000269e594be70_0, 12, 20;
L_00000269e599acf0 .functor MUXZ 32, v00000269e594b470_0, v00000269e594a250_0, v00000269e594b8d0_0, C4<>;
S_00000269e54651a0 .scope module, "U_EXT" "EXT" 6 225, 7 2 0, S_00000269e5469bd0;
 .timescale 0 0;
    .port_info 0 /INPUT 5 "iimm_shamt";
    .port_info 1 /INPUT 12 "iimm";
    .port_info 2 /INPUT 12 "simm";
    .port_info 3 /INPUT 12 "bimm";
    .port_info 4 /INPUT 20 "uimm";
    .port_info 5 /INPUT 20 "jimm";
    .port_info 6 /INPUT 6 "EXTOp";
    .port_info 7 /OUTPUT 32 "immout";
v00000269e58cfcc0_0 .net "EXTOp", 5 0, L_00000269e599c370;  alias, 1 drivers
v00000269e58cf720_0 .net "bimm", 11 0, L_00000269e5952290;  alias, 1 drivers
v00000269e58cf2c0_0 .net "iimm", 11 0, L_00000269e594ed70;  alias, 1 drivers
v00000269e58ce780_0 .net "iimm_shamt", 4 0, L_00000269e594ecd0;  alias, 1 drivers
v00000269e58ce460_0 .var "immout", 31 0;
v00000269e58cf4a0_0 .net "jimm", 19 0, L_00000269e59520b0;  alias, 1 drivers
v00000269e58ce5a0_0 .net "simm", 11 0, L_00000269e5951430;  alias, 1 drivers
v00000269e58ce960_0 .net "uimm", 19 0, L_00000269e5952ab0;  alias, 1 drivers
E_00000269e58c5860/0 .event anyedge, v00000269e58cfcc0_0, v00000269e58ce780_0, v00000269e58cf2c0_0, v00000269e58ce5a0_0;
E_00000269e58c5860/1 .event anyedge, v00000269e58cf720_0, v00000269e58ce960_0, v00000269e58cf4a0_0;
E_00000269e58c5860 .event/or E_00000269e58c5860/0, E_00000269e58c5860/1;
S_00000269e5465330 .scope module, "U_NPC" "NPC" 6 218, 8 3 0, S_00000269e5469bd0;
 .timescale 0 0;
    .port_info 0 /INPUT 32 "PC";
    .port_info 1 /INPUT 3 "NPCOp";
    .port_info 2 /INPUT 32 "IMM";
    .port_info 3 /OUTPUT 32 "NPC";
    .port_info 4 /INPUT 32 "aluout";
v00000269e58cfd60_0 .net "IMM", 31 0, v00000269e594a250_0;  1 drivers
v00000269e58ced20_0 .var "NPC", 31 0;
v00000269e58cfea0_0 .net "NPCOp", 2 0, v00000269e594f590_0;  1 drivers
v00000269e58ce640_0 .net "PC", 31 0, v00000269e594f770_0;  1 drivers
v00000269e58cf900_0 .net "PCPLUS4", 31 0, L_00000269e599d270;  1 drivers
L_00000269e5953b60 .functor BUFT 1, C4<00000000000000000000000000000100>, C4<0>, C4<0>, C4<0>;
v00000269e58cffe0_0 .net/2u *"_ivl_0", 31 0, L_00000269e5953b60;  1 drivers
v00000269e58d0080_0 .net "aluout", 31 0, v00000269e593ab10_0;  alias, 1 drivers
E_00000269e58c67a0/0 .event anyedge, v00000269e58cfea0_0, v00000269e58cf900_0, v00000269e58ce640_0, v00000269e58cfd60_0;
E_00000269e58c67a0/1 .event anyedge, v00000269e58d0080_0;
E_00000269e58c67a0 .event/or E_00000269e58c67a0/0, E_00000269e58c67a0/1;
L_00000269e599d270 .arith/sum 32, v00000269e594f770_0, L_00000269e5953b60;
S_00000269e5459cc0 .scope module, "U_PC" "PC" 6 185, 9 1 0, S_00000269e5469bd0;
 .timescale 0 0;
    .port_info 0 /INPUT 1 "clk";
    .port_info 1 /INPUT 1 "rst";
    .port_info 2 /INPUT 32 "NPC";
    .port_info 3 /OUTPUT 32 "PC";
v00000269e58cee60_0 .net "NPC", 31 0, v00000269e58ced20_0;  alias, 1 drivers
v00000269e58ce820_0 .var "PC", 31 0;
v00000269e58cef00_0 .net "clk", 0 0, v00000269e5950d50_0;  alias, 1 drivers
v00000269e58cea00_0 .net "rst", 0 0, L_00000269e58ad3d0;  alias, 1 drivers
E_00000269e58c79a0 .event posedge, v00000269e58cea00_0, v00000269e58cf680_0;
S_00000269e5459e50 .scope module, "U_RF" "RF" 6 236, 10 2 0, S_00000269e5469bd0;
 .timescale 0 0;
    .port_info 0 /INPUT 1 "clk";
    .port_info 1 /INPUT 1 "rst";
    .port_info 2 /INPUT 1 "RFWr";
    .port_info 3 /INPUT 5 "A1";
    .port_info 4 /INPUT 5 "A2";
    .port_info 5 /INPUT 5 "A3";
    .port_info 6 /INPUT 32 "WD";
    .port_info 7 /OUTPUT 32 "RD1";
    .port_info 8 /OUTPUT 32 "RD2";
    .port_info 9 /INPUT 5 "reg_sel";
    .port_info 10 /OUTPUT 32 "reg_data";
v00000269e58ceaa0_0 .net "A1", 4 0, L_00000269e5952a10;  alias, 1 drivers
v00000269e58cefa0_0 .net "A2", 4 0, L_00000269e5952650;  alias, 1 drivers
v00000269e58cf040_0 .net "A3", 4 0, v00000269e594bf10_0;  1 drivers
v00000269e58cf0e0_0 .net "RD1", 31 0, L_00000269e599c9b0;  alias, 1 drivers
v00000269e58cf180_0 .net "RD2", 31 0, L_00000269e599d130;  alias, 1 drivers
v00000269e58cf220_0 .net "RFWr", 0 0, v00000269e594b5b0_0;  1 drivers
v00000269e58cf360_0 .net "WD", 31 0, v00000269e5951250_0;  1 drivers
v00000269e58b3ab0_0 .net *"_ivl_0", 31 0, L_00000269e599c690;  1 drivers
v00000269e58b3b50_0 .net *"_ivl_10", 6 0, L_00000269e599c870;  1 drivers
L_00000269e5953c38 .functor BUFT 1, C4<00>, C4<0>, C4<0>, C4<0>;
v00000269e593abb0_0 .net *"_ivl_13", 1 0, L_00000269e5953c38;  1 drivers
L_00000269e5953c80 .functor BUFT 1, C4<00000000000000000000000000000000>, C4<0>, C4<0>, C4<0>;
v00000269e593b790_0 .net/2u *"_ivl_14", 31 0, L_00000269e5953c80;  1 drivers
v00000269e593a6b0_0 .net *"_ivl_18", 31 0, L_00000269e599cd70;  1 drivers
L_00000269e5953cc8 .functor BUFT 1, C4<000000000000000000000000000>, C4<0>, C4<0>, C4<0>;
v00000269e593a390_0 .net *"_ivl_21", 26 0, L_00000269e5953cc8;  1 drivers
L_00000269e5953d10 .functor BUFT 1, C4<00000000000000000000000000000000>, C4<0>, C4<0>, C4<0>;
v00000269e593aed0_0 .net/2u *"_ivl_22", 31 0, L_00000269e5953d10;  1 drivers
v00000269e593c050_0 .net *"_ivl_24", 0 0, L_00000269e599ce10;  1 drivers
v00000269e593b5b0_0 .net *"_ivl_26", 31 0, L_00000269e599b290;  1 drivers
v00000269e593b330_0 .net *"_ivl_28", 6 0, L_00000269e599ceb0;  1 drivers
L_00000269e5953ba8 .functor BUFT 1, C4<000000000000000000000000000>, C4<0>, C4<0>, C4<0>;
v00000269e593c230_0 .net *"_ivl_3", 26 0, L_00000269e5953ba8;  1 drivers
L_00000269e5953d58 .functor BUFT 1, C4<00>, C4<0>, C4<0>, C4<0>;
v00000269e593b6f0_0 .net *"_ivl_31", 1 0, L_00000269e5953d58;  1 drivers
L_00000269e5953da0 .functor BUFT 1, C4<00000000000000000000000000000000>, C4<0>, C4<0>, C4<0>;
v00000269e593ad90_0 .net/2u *"_ivl_32", 31 0, L_00000269e5953da0;  1 drivers
v00000269e593bbf0_0 .net *"_ivl_36", 31 0, L_00000269e599d310;  1 drivers
L_00000269e5953de8 .functor BUFT 1, C4<000000000000000000000000000>, C4<0>, C4<0>, C4<0>;
v00000269e593c0f0_0 .net *"_ivl_39", 26 0, L_00000269e5953de8;  1 drivers
L_00000269e5953bf0 .functor BUFT 1, C4<00000000000000000000000000000000>, C4<0>, C4<0>, C4<0>;
v00000269e593b830_0 .net/2u *"_ivl_4", 31 0, L_00000269e5953bf0;  1 drivers
L_00000269e5953e30 .functor BUFT 1, C4<00000000000000000000000000000000>, C4<0>, C4<0>, C4<0>;
v00000269e593b970_0 .net/2u *"_ivl_40", 31 0, L_00000269e5953e30;  1 drivers
v00000269e593b3d0_0 .net *"_ivl_42", 0 0, L_00000269e599b330;  1 drivers
v00000269e593af70_0 .net *"_ivl_44", 31 0, L_00000269e599d3b0;  1 drivers
v00000269e593b470_0 .net *"_ivl_46", 6 0, L_00000269e599ac50;  1 drivers
L_00000269e5953e78 .functor BUFT 1, C4<00>, C4<0>, C4<0>, C4<0>;
v00000269e593ba10_0 .net *"_ivl_49", 1 0, L_00000269e5953e78;  1 drivers
L_00000269e5953ec0 .functor BUFT 1, C4<00000000000000000000000000000000>, C4<0>, C4<0>, C4<0>;
v00000269e593a890_0 .net/2u *"_ivl_50", 31 0, L_00000269e5953ec0;  1 drivers
v00000269e593b010_0 .net *"_ivl_6", 0 0, L_00000269e599caf0;  1 drivers
v00000269e593a430_0 .net *"_ivl_8", 31 0, L_00000269e599cc30;  1 drivers
v00000269e593aa70_0 .net "clk", 0 0, v00000269e5950d50_0;  alias, 1 drivers
v00000269e593a930_0 .var/i "i", 31 0;
v00000269e593bab0_0 .net "reg_data", 31 0, L_00000269e599b650;  alias, 1 drivers
v00000269e593a9d0_0 .net "reg_sel", 4 0, v00000269e59503f0_0;  alias, 1 drivers
v00000269e593b0b0 .array "rf", 0 31, 31 0;
v00000269e593b650_0 .net "rst", 0 0, L_00000269e58ad3d0;  alias, 1 drivers
L_00000269e599c690 .concat [ 5 27 0 0], L_00000269e5952a10, L_00000269e5953ba8;
L_00000269e599caf0 .cmp/ne 32, L_00000269e599c690, L_00000269e5953bf0;
L_00000269e599cc30 .array/port v00000269e593b0b0, L_00000269e599c870;
L_00000269e599c870 .concat [ 5 2 0 0], L_00000269e5952a10, L_00000269e5953c38;
L_00000269e599c9b0 .functor MUXZ 32, L_00000269e5953c80, L_00000269e599cc30, L_00000269e599caf0, C4<>;
L_00000269e599cd70 .concat [ 5 27 0 0], L_00000269e5952650, L_00000269e5953cc8;
L_00000269e599ce10 .cmp/ne 32, L_00000269e599cd70, L_00000269e5953d10;
L_00000269e599b290 .array/port v00000269e593b0b0, L_00000269e599ceb0;
L_00000269e599ceb0 .concat [ 5 2 0 0], L_00000269e5952650, L_00000269e5953d58;
L_00000269e599d130 .functor MUXZ 32, L_00000269e5953da0, L_00000269e599b290, L_00000269e599ce10, C4<>;
L_00000269e599d310 .concat [ 5 27 0 0], v00000269e59503f0_0, L_00000269e5953de8;
L_00000269e599b330 .cmp/ne 32, L_00000269e599d310, L_00000269e5953e30;
L_00000269e599d3b0 .array/port v00000269e593b0b0, L_00000269e599ac50;
L_00000269e599ac50 .concat [ 5 2 0 0], v00000269e59503f0_0, L_00000269e5953e78;
L_00000269e599b650 .functor MUXZ 32, L_00000269e5953ec0, L_00000269e599d3b0, L_00000269e599b330, C4<>;
S_00000269e544a510 .scope module, "U_alu" "alu" 6 251, 11 3 0, S_00000269e5469bd0;
 .timescale 0 0;
    .port_info 0 /INPUT 32 "A";
    .port_info 1 /INPUT 32 "B";
    .port_info 2 /INPUT 5 "ALUOp";
    .port_info 3 /OUTPUT 32 "C";
    .port_info 4 /OUTPUT 1 "Zero";
    .port_info 5 /INPUT 32 "PC";
v00000269e593c190_0 .net/s "A", 31 0, v00000269e5949e90_0;  1 drivers
v00000269e593b1f0_0 .net "ALUOp", 4 0, v00000269e594ab10_0;  1 drivers
v00000269e593b8d0_0 .net/s "B", 31 0, L_00000269e599acf0;  alias, 1 drivers
v00000269e593ab10_0 .var/s "C", 31 0;
v00000269e593ac50_0 .net "PC", 31 0, v00000269e594aa70_0;  1 drivers
v00000269e593bf10_0 .net "Zero", 0 0, L_00000269e599ad90;  alias, 1 drivers
L_00000269e5953f08 .functor BUFT 1, C4<00000000000000000000000000000000>, C4<0>, C4<0>, C4<0>;
v00000269e593bc90_0 .net/2u *"_ivl_0", 31 0, L_00000269e5953f08;  1 drivers
E_00000269e58c73e0 .event anyedge, v00000269e593b1f0_0, v00000269e593c190_0, v00000269e593b8d0_0, v00000269e593ac50_0;
L_00000269e599ad90 .cmp/eq 32, v00000269e593ab10_0, L_00000269e5953f08;
S_00000269e547bd80 .scope module, "U_ctrl" "ctrl" 6 169, 12 4 0, S_00000269e5469bd0;
 .timescale 0 0;
    .port_info 0 /INPUT 7 "Op";
    .port_info 1 /INPUT 7 "Funct7";
    .port_info 2 /INPUT 3 "Funct3";
    .port_info 3 /INPUT 1 "Zero";
    .port_info 4 /OUTPUT 1 "RegWrite";
    .port_info 5 /OUTPUT 1 "MemWrite";
    .port_info 6 /OUTPUT 6 "EXTOp";
    .port_info 7 /OUTPUT 5 "ALUOp";
    .port_info 8 /OUTPUT 3 "NPCOp";
    .port_info 9 /OUTPUT 1 "ALUSrc";
    .port_info 10 /OUTPUT 2 "GPRSel";
    .port_info 11 /OUTPUT 2 "WDSel";
    .port_info 12 /OUTPUT 3 "DMType";
L_00000269e58ae940 .functor AND 1, L_00000269e59519d0, L_00000269e5951bb0, C4<1>, C4<1>;
L_00000269e58ad7c0 .functor AND 1, L_00000269e58ae940, L_00000269e5951930, C4<1>, C4<1>;
L_00000269e58aeef0 .functor AND 1, L_00000269e59519d0, L_00000269e59523d0, C4<1>, C4<1>;
L_00000269e58ae160 .functor AND 1, L_00000269e58aeef0, L_00000269e5951c50, C4<1>, C4<1>;
L_00000269e58aee10 .functor AND 1, L_00000269e59519d0, L_00000269e5951d90, C4<1>, C4<1>;
L_00000269e58aed30 .functor AND 1, L_00000269e58aee10, L_00000269e5952150, C4<1>, C4<1>;
L_00000269e58aeda0 .functor AND 1, L_00000269e59519d0, L_00000269e59521f0, C4<1>, C4<1>;
L_00000269e58aee80 .functor AND 1, L_00000269e58aeda0, L_00000269e599bc90, C4<1>, C4<1>;
L_00000269e58aefd0 .functor AND 1, L_00000269e59519d0, L_00000269e599c410, C4<1>, C4<1>;
L_00000269e58aef60 .functor AND 1, L_00000269e58aefd0, L_00000269e599cf50, C4<1>, C4<1>;
L_00000269e58af040 .functor AND 1, L_00000269e59519d0, L_00000269e599b790, C4<1>, C4<1>;
L_00000269e54a93e0 .functor AND 1, L_00000269e58af040, L_00000269e599aed0, C4<1>, C4<1>;
L_00000269e599f2e0 .functor AND 1, L_00000269e59519d0, L_00000269e599c910, C4<1>, C4<1>;
L_00000269e599f350 .functor AND 1, L_00000269e599f2e0, L_00000269e599b8d0, C4<1>, C4<1>;
L_00000269e599ff20 .functor AND 1, L_00000269e59519d0, L_00000269e599c4b0, C4<1>, C4<1>;
L_00000269e599f970 .functor AND 1, L_00000269e599ff20, L_00000269e599d090, C4<1>, C4<1>;
L_00000269e599efd0 .functor AND 1, L_00000269e59519d0, L_00000269e599ccd0, C4<1>, C4<1>;
L_00000269e59a0230 .functor AND 1, L_00000269e599efd0, L_00000269e599af70, C4<1>, C4<1>;
L_00000269e599f5f0 .functor AND 1, L_00000269e59519d0, L_00000269e599cff0, C4<1>, C4<1>;
L_00000269e599feb0 .functor AND 1, L_00000269e599f5f0, L_00000269e599c190, C4<1>, C4<1>;
L_00000269e599f820 .functor AND 1, L_00000269e59514d0, L_00000269e599bbf0, C4<1>, C4<1>;
L_00000269e599f9e0 .functor AND 1, L_00000269e59514d0, L_00000269e599bab0, C4<1>, C4<1>;
L_00000269e59a0700 .functor AND 1, L_00000269e59514d0, L_00000269e599b830, C4<1>, C4<1>;
L_00000269e59a0070 .functor AND 1, L_00000269e59514d0, L_00000269e599b5b0, C4<1>, C4<1>;
L_00000269e599fa50 .functor AND 1, L_00000269e59514d0, L_00000269e599c730, C4<1>, C4<1>;
L_00000269e59a0000 .functor AND 1, L_00000269e5952830, L_00000269e599c050, C4<1>, C4<1>;
L_00000269e59a04d0 .functor AND 1, L_00000269e5952830, L_00000269e599bb50, C4<1>, C4<1>;
L_00000269e599f890 .functor AND 1, L_00000269e5952830, L_00000269e599bd30, C4<1>, C4<1>;
L_00000269e599f270 .functor AND 1, L_00000269e5952830, L_00000269e599c550, C4<1>, C4<1>;
L_00000269e599fc80 .functor AND 1, L_00000269e5952830, L_00000269e599bf10, C4<1>, C4<1>;
L_00000269e599f7b0 .functor AND 1, L_00000269e599fc80, L_00000269e599ca50, C4<1>, C4<1>;
L_00000269e599f4a0 .functor AND 1, L_00000269e5952830, L_00000269e599b010, C4<1>, C4<1>;
L_00000269e599f510 .functor AND 1, L_00000269e5952830, L_00000269e599b6f0, C4<1>, C4<1>;
L_00000269e599f580 .functor AND 1, L_00000269e5952830, L_00000269e599ae30, C4<1>, C4<1>;
L_00000269e59a0690 .functor AND 1, L_00000269e599f580, L_00000269e599bfb0, C4<1>, C4<1>;
L_00000269e59a07e0 .functor AND 1, L_00000269e5952830, L_00000269e599c0f0, C4<1>, C4<1>;
L_00000269e599f660 .functor AND 1, L_00000269e59a07e0, L_00000269e599c230, C4<1>, C4<1>;
L_00000269e599f740 .functor AND 1, L_00000269e5951b10, L_00000269e599b970, C4<1>, C4<1>;
L_00000269e59a0460 .functor AND 1, L_00000269e5951b10, L_00000269e599cb90, C4<1>, C4<1>;
L_00000269e599ee80 .functor AND 1, L_00000269e5951b10, L_00000269e599c7d0, C4<1>, C4<1>;
L_00000269e599eef0 .functor AND 1, L_00000269e5951f70, L_00000269e599d1d0, C4<1>, C4<1>;
L_00000269e599ef60 .functor AND 1, L_00000269e5951f70, L_00000269e599be70, C4<1>, C4<1>;
L_00000269e59a02a0 .functor AND 1, L_00000269e5951f70, L_00000269e599b0b0, C4<1>, C4<1>;
L_00000269e599f6d0 .functor AND 1, L_00000269e5951f70, L_00000269e599ba10, C4<1>, C4<1>;
L_00000269e599f900 .functor AND 1, L_00000269e5951f70, L_00000269e599c5f0, C4<1>, C4<1>;
L_00000269e599fac0 .functor AND 1, L_00000269e5951f70, L_00000269e599c2d0, C4<1>, C4<1>;
L_00000269e59a0770 .functor OR 1, L_00000269e59519d0, L_00000269e5952830, C4<0>, C4<0>;
L_00000269e599f200 .functor OR 1, L_00000269e59a0770, L_00000269e5951a70, C4<0>, C4<0>;
L_00000269e59a00e0 .functor OR 1, L_00000269e599f200, L_00000269e5951570, C4<0>, C4<0>;
L_00000269e59a01c0 .functor OR 1, L_00000269e59a00e0, L_00000269e5951750, C4<0>, C4<0>;
L_00000269e59a0310 .functor OR 1, L_00000269e59a01c0, L_00000269e5951610, C4<0>, C4<0>;
L_00000269e599f040 .functor OR 1, L_00000269e59a0310, L_00000269e59514d0, C4<0>, C4<0>;
L_00000269e59a0150 .functor BUFZ 1, L_00000269e5951b10, C4<0>, C4<0>, C4<0>;
L_00000269e599fb30 .functor OR 1, L_00000269e5952830, L_00000269e5951b10, C4<0>, C4<0>;
L_00000269e599ec50 .functor OR 1, L_00000269e599fb30, L_00000269e5951570, C4<0>, C4<0>;
L_00000269e599f3c0 .functor OR 1, L_00000269e599ec50, L_00000269e5951a70, C4<0>, C4<0>;
L_00000269e599f190 .functor OR 1, L_00000269e599f3c0, L_00000269e59514d0, C4<0>, C4<0>;
L_00000269e59a03f0 .functor OR 1, L_00000269e599f190, L_00000269e5951750, C4<0>, C4<0>;
L_00000269e599fba0 .functor OR 1, L_00000269e59a03f0, L_00000269e5951610, C4<0>, C4<0>;
L_00000269e599fcf0 .functor OR 1, L_00000269e599f7b0, L_00000269e599f660, C4<0>, C4<0>;
L_00000269e59a0380 .functor OR 1, L_00000269e599fcf0, L_00000269e59a0690, C4<0>, C4<0>;
L_00000269e59a0540 .functor OR 1, L_00000269e59514d0, L_00000269e59a0000, C4<0>, C4<0>;
L_00000269e599f0b0 .functor OR 1, L_00000269e59a0540, L_00000269e59a04d0, C4<0>, C4<0>;
L_00000269e599ecc0 .functor OR 1, L_00000269e599f0b0, L_00000269e599f890, C4<0>, C4<0>;
L_00000269e59a05b0 .functor OR 1, L_00000269e599ecc0, L_00000269e599f270, C4<0>, C4<0>;
L_00000269e59a0620 .functor OR 1, L_00000269e59a05b0, L_00000269e5951a70, C4<0>, C4<0>;
L_00000269e599ed30 .functor OR 1, L_00000269e59a0620, L_00000269e599f4a0, C4<0>, C4<0>;
L_00000269e599fc10 .functor OR 1, L_00000269e599ed30, L_00000269e599f510, C4<0>, C4<0>;
L_00000269e599fd60 .functor BUFZ 1, L_00000269e5951b10, C4<0>, C4<0>, C4<0>;
L_00000269e599eda0 .functor AND 1, L_00000269e5951f70, L_00000269e599ad90, C4<1>, C4<1>;
L_00000269e599f120 .functor OR 1, L_00000269e5951750, L_00000269e5951610, C4<0>, C4<0>;
L_00000269e599ee10 .functor BUFZ 1, L_00000269e5951570, C4<0>, C4<0>, C4<0>;
L_00000269e599ff90 .functor BUFZ 1, L_00000269e59514d0, C4<0>, C4<0>, C4<0>;
L_00000269e599f430 .functor OR 1, L_00000269e5951570, L_00000269e5951a70, C4<0>, C4<0>;
L_00000269e599fdd0 .functor BUFZ 1, L_00000269e5951f70, C4<0>, C4<0>, C4<0>;
L_00000269e599fe40 .functor BUFZ 1, L_00000269e5951570, C4<0>, C4<0>, C4<0>;
L_00000269e59a0af0 .functor BUFZ 1, L_00000269e5951a70, C4<0>, C4<0>, C4<0>;
L_00000269e59a0850 .functor OR 1, L_00000269e59514d0, L_00000269e5951b10, C4<0>, C4<0>;
L_00000269e59a08c0 .functor OR 1, L_00000269e59a0850, L_00000269e59a0000, C4<0>, C4<0>;
L_00000269e59a09a0 .functor OR 1, L_00000269e59a08c0, L_00000269e59a04d0, C4<0>, C4<0>;
L_00000269e59a0a80 .functor OR 1, L_00000269e59a09a0, L_00000269e58ad7c0, C4<0>, C4<0>;
L_00000269e59a0a10 .functor OR 1, L_00000269e59a0a80, L_00000269e58aed30, C4<0>, C4<0>;
L_00000269e59a0b60 .functor OR 1, L_00000269e59a0a10, L_00000269e5951750, C4<0>, C4<0>;
L_00000269e59a0930 .functor OR 1, L_00000269e59a0b60, L_00000269e599f7b0, C4<0>, C4<0>;
L_00000269e59a12f0 .functor OR 1, L_00000269e59a0930, L_00000269e54a93e0, C4<0>, C4<0>;
L_00000269e59a1d70 .functor OR 1, L_00000269e59a12f0, L_00000269e599f970, C4<0>, C4<0>;
L_00000269e59a19f0 .functor OR 1, L_00000269e59a1d70, L_00000269e599f510, C4<0>, C4<0>;
L_00000269e59a1830 .functor OR 1, L_00000269e59a19f0, L_00000269e5951a70, C4<0>, C4<0>;
L_00000269e59a26a0 .functor OR 1, L_00000269e59a1830, L_00000269e599f6d0, C4<0>, C4<0>;
L_00000269e59a18a0 .functor OR 1, L_00000269e59a26a0, L_00000269e599f900, C4<0>, C4<0>;
L_00000269e59a0db0 .functor OR 1, L_00000269e59a18a0, L_00000269e599fac0, C4<0>, C4<0>;
L_00000269e59a2080 .functor OR 1, L_00000269e59a0db0, L_00000269e59a0230, C4<0>, C4<0>;
L_00000269e59a1de0 .functor OR 1, L_00000269e59a2080, L_00000269e59a0690, C4<0>, C4<0>;
L_00000269e59a24e0 .functor OR 1, L_00000269e5951a70, L_00000269e59514d0, C4<0>, C4<0>;
L_00000269e59a21d0 .functor OR 1, L_00000269e59a24e0, L_00000269e5951b10, C4<0>, C4<0>;
L_00000269e59a1980 .functor OR 1, L_00000269e59a21d0, L_00000269e58ad7c0, C4<0>, C4<0>;
L_00000269e59a1fa0 .functor OR 1, L_00000269e59a1980, L_00000269e59a0000, C4<0>, C4<0>;
L_00000269e59a1c90 .functor OR 1, L_00000269e59a1fa0, L_00000269e58aee80, C4<0>, C4<0>;
L_00000269e59a2710 .functor OR 1, L_00000269e59a1c90, L_00000269e599f890, C4<0>, C4<0>;
L_00000269e59a25c0 .functor OR 1, L_00000269e59a2710, L_00000269e5951610, C4<0>, C4<0>;
L_00000269e59a0c60 .functor OR 1, L_00000269e59a25c0, L_00000269e599f7b0, C4<0>, C4<0>;
L_00000269e59a1050 .functor OR 1, L_00000269e59a0c60, L_00000269e54a93e0, C4<0>, C4<0>;
L_00000269e59a0fe0 .functor OR 1, L_00000269e59a1050, L_00000269e599f350, C4<0>, C4<0>;
L_00000269e59a10c0 .functor OR 1, L_00000269e59a0fe0, L_00000269e599f970, C4<0>, C4<0>;
L_00000269e59a2240 .functor OR 1, L_00000269e59a10c0, L_00000269e599f4a0, C4<0>, C4<0>;
L_00000269e59a1440 .functor OR 1, L_00000269e59a2240, L_00000269e599f510, C4<0>, C4<0>;
L_00000269e59a2780 .functor OR 1, L_00000269e59a1440, L_00000269e599ef60, C4<0>, C4<0>;
L_00000269e59a0cd0 .functor OR 1, L_00000269e59a2780, L_00000269e599f900, C4<0>, C4<0>;
L_00000269e59a1130 .functor OR 1, L_00000269e599f890, L_00000269e58aee80, C4<0>, C4<0>;
L_00000269e59a14b0 .functor OR 1, L_00000269e59a1130, L_00000269e59a04d0, C4<0>, C4<0>;
L_00000269e59a1910 .functor OR 1, L_00000269e59a14b0, L_00000269e58aed30, C4<0>, C4<0>;
L_00000269e59a1360 .functor OR 1, L_00000269e59a1910, L_00000269e58ae160, C4<0>, C4<0>;
L_00000269e59a1670 .functor OR 1, L_00000269e59a1360, L_00000269e599f270, C4<0>, C4<0>;
L_00000269e59a1590 .functor OR 1, L_00000269e59a1670, L_00000269e58aef60, C4<0>, C4<0>;
L_00000269e59a11a0 .functor OR 1, L_00000269e59a1590, L_00000269e599f7b0, C4<0>, C4<0>;
L_00000269e59a1520 .functor OR 1, L_00000269e59a11a0, L_00000269e54a93e0, C4<0>, C4<0>;
L_00000269e59a1210 .functor OR 1, L_00000269e59a1520, L_00000269e599ef60, C4<0>, C4<0>;
L_00000269e59a1e50 .functor OR 1, L_00000269e59a1210, L_00000269e599f6d0, C4<0>, C4<0>;
L_00000269e59a13d0 .functor OR 1, L_00000269e59a1e50, L_00000269e599f900, C4<0>, C4<0>;
L_00000269e59a2010 .functor OR 1, L_00000269e59a13d0, L_00000269e599eef0, C4<0>, C4<0>;
L_00000269e59a20f0 .functor OR 1, L_00000269e599f890, L_00000269e58aee80, C4<0>, C4<0>;
L_00000269e59a1600 .functor OR 1, L_00000269e59a20f0, L_00000269e59a04d0, C4<0>, C4<0>;
L_00000269e59a0d40 .functor OR 1, L_00000269e59a1600, L_00000269e58aed30, C4<0>, C4<0>;
L_00000269e59a1a60 .functor OR 1, L_00000269e59a0d40, L_00000269e599f270, C4<0>, C4<0>;
L_00000269e59a1280 .functor OR 1, L_00000269e59a1a60, L_00000269e58aef60, C4<0>, C4<0>;
L_00000269e59a1ec0 .functor OR 1, L_00000269e59a1280, L_00000269e599f7b0, C4<0>, C4<0>;
L_00000269e59a1c20 .functor OR 1, L_00000269e59a1ec0, L_00000269e54a93e0, C4<0>, C4<0>;
L_00000269e59a2400 .functor OR 1, L_00000269e59a1c20, L_00000269e599f350, C4<0>, C4<0>;
L_00000269e59a1bb0 .functor OR 1, L_00000269e59a2400, L_00000269e599f970, C4<0>, C4<0>;
L_00000269e59a16e0 .functor OR 1, L_00000269e59a1bb0, L_00000269e599f4a0, C4<0>, C4<0>;
L_00000269e59a1f30 .functor OR 1, L_00000269e59a16e0, L_00000269e599f510, C4<0>, C4<0>;
L_00000269e59a1ad0 .functor OR 1, L_00000269e59a1f30, L_00000269e59a02a0, C4<0>, C4<0>;
L_00000269e59a1d00 .functor OR 1, L_00000269e59a1ad0, L_00000269e599fac0, C4<0>, C4<0>;
L_00000269e59a0e20 .functor OR 1, L_00000269e59a0230, L_00000269e599feb0, C4<0>, C4<0>;
L_00000269e59a2160 .functor OR 1, L_00000269e59a0e20, L_00000269e59a0690, C4<0>, C4<0>;
L_00000269e59a22b0 .functor OR 1, L_00000269e59a2160, L_00000269e599f660, C4<0>, C4<0>;
L_00000269e59a2550 .functor OR 1, L_00000269e59a0700, L_00000269e599ee80, C4<0>, C4<0>;
L_00000269e59a1750 .functor OR 1, L_00000269e59a2550, L_00000269e59a0460, C4<0>, C4<0>;
L_00000269e59a2320 .functor OR 1, L_00000269e59a1750, L_00000269e599f9e0, C4<0>, C4<0>;
L_00000269e59a2390 .functor OR 1, L_00000269e599fa50, L_00000269e59a0460, C4<0>, C4<0>;
L_00000269e59a17c0 .functor OR 1, L_00000269e59a2390, L_00000269e599f9e0, C4<0>, C4<0>;
L_00000269e59a2470 .functor BUFZ 1, L_00000269e59a0070, C4<0>, C4<0>, C4<0>;
v00000269e593bb50_0 .net "ALUOp", 4 0, L_00000269e599b510;  alias, 1 drivers
v00000269e593ae30_0 .net "ALUSrc", 0 0, L_00000269e599fba0;  alias, 1 drivers
v00000269e593b510_0 .net "DMType", 2 0, L_00000269e599bdd0;  alias, 1 drivers
v00000269e593bd30_0 .net "EXTOp", 5 0, L_00000269e599c370;  alias, 1 drivers
v00000269e593bdd0_0 .net "Funct3", 2 0, L_00000269e5951cf0;  alias, 1 drivers
v00000269e593acf0_0 .net "Funct7", 6 0, L_00000269e5951890;  alias, 1 drivers
v00000269e593be70_0 .net "GPRSel", 1 0, o00000269e58e78b8;  alias, 0 drivers
v00000269e593bfb0_0 .net "MemWrite", 0 0, L_00000269e59a0150;  alias, 1 drivers
v00000269e593a4d0_0 .net "NPCOp", 2 0, L_00000269e599b150;  alias, 1 drivers
v00000269e593b150_0 .net "Op", 6 0, L_00000269e59525b0;  alias, 1 drivers
v00000269e593b290_0 .net "RegWrite", 0 0, L_00000269e599f040;  alias, 1 drivers
v00000269e593a570_0 .net "WDSel", 1 0, L_00000269e599b1f0;  alias, 1 drivers
v00000269e593a610_0 .net "Zero", 0 0, L_00000269e599ad90;  alias, 1 drivers
L_00000269e5952be8 .functor BUFT 1, C4<0110011>, C4<0>, C4<0>, C4<0>;
v00000269e593a750_0 .net/2u *"_ivl_0", 6 0, L_00000269e5952be8;  1 drivers
v00000269e593a7f0_0 .net *"_ivl_100", 0 0, L_00000269e58af040;  1 drivers
L_00000269e5953188 .functor BUFT 1, C4<0000000>, C4<0>, C4<0>, C4<0>;
v00000269e5941b70_0 .net/2u *"_ivl_102", 6 0, L_00000269e5953188;  1 drivers
v00000269e59403b0_0 .net *"_ivl_104", 0 0, L_00000269e599aed0;  1 drivers
L_00000269e59531d0 .functor BUFT 1, C4<010>, C4<0>, C4<0>, C4<0>;
v00000269e5941850_0 .net/2u *"_ivl_108", 2 0, L_00000269e59531d0;  1 drivers
v00000269e5941490_0 .net *"_ivl_110", 0 0, L_00000269e599c910;  1 drivers
v00000269e5940450_0 .net *"_ivl_112", 0 0, L_00000269e599f2e0;  1 drivers
L_00000269e5953218 .functor BUFT 1, C4<0000000>, C4<0>, C4<0>, C4<0>;
v00000269e5941c10_0 .net/2u *"_ivl_114", 6 0, L_00000269e5953218;  1 drivers
v00000269e5940ef0_0 .net *"_ivl_116", 0 0, L_00000269e599b8d0;  1 drivers
L_00000269e5952cc0 .functor BUFT 1, C4<0100011>, C4<0>, C4<0>, C4<0>;
v00000269e5942110_0 .net/2u *"_ivl_12", 6 0, L_00000269e5952cc0;  1 drivers
L_00000269e5953260 .functor BUFT 1, C4<011>, C4<0>, C4<0>, C4<0>;
v00000269e59408b0_0 .net/2u *"_ivl_120", 2 0, L_00000269e5953260;  1 drivers
v00000269e5940950_0 .net *"_ivl_122", 0 0, L_00000269e599c4b0;  1 drivers
v00000269e5941710_0 .net *"_ivl_124", 0 0, L_00000269e599ff20;  1 drivers
L_00000269e59532a8 .functor BUFT 1, C4<0000000>, C4<0>, C4<0>, C4<0>;
v00000269e5940630_0 .net/2u *"_ivl_126", 6 0, L_00000269e59532a8;  1 drivers
v00000269e5941f30_0 .net *"_ivl_128", 0 0, L_00000269e599d090;  1 drivers
L_00000269e59532f0 .functor BUFT 1, C4<101>, C4<0>, C4<0>, C4<0>;
v00000269e59421b0_0 .net/2u *"_ivl_132", 2 0, L_00000269e59532f0;  1 drivers
v00000269e5941350_0 .net *"_ivl_134", 0 0, L_00000269e599ccd0;  1 drivers
v00000269e59417b0_0 .net *"_ivl_136", 0 0, L_00000269e599efd0;  1 drivers
L_00000269e5953338 .functor BUFT 1, C4<0100000>, C4<0>, C4<0>, C4<0>;
v00000269e5942250_0 .net/2u *"_ivl_138", 6 0, L_00000269e5953338;  1 drivers
v00000269e59404f0_0 .net *"_ivl_140", 0 0, L_00000269e599af70;  1 drivers
L_00000269e5953380 .functor BUFT 1, C4<101>, C4<0>, C4<0>, C4<0>;
v00000269e59409f0_0 .net/2u *"_ivl_144", 2 0, L_00000269e5953380;  1 drivers
v00000269e5941530_0 .net *"_ivl_146", 0 0, L_00000269e599cff0;  1 drivers
v00000269e5940a90_0 .net *"_ivl_148", 0 0, L_00000269e599f5f0;  1 drivers
L_00000269e59533c8 .functor BUFT 1, C4<0000000>, C4<0>, C4<0>, C4<0>;
v00000269e59413f0_0 .net/2u *"_ivl_150", 6 0, L_00000269e59533c8;  1 drivers
v00000269e59410d0_0 .net *"_ivl_152", 0 0, L_00000269e599c190;  1 drivers
L_00000269e5953410 .functor BUFT 1, C4<010>, C4<0>, C4<0>, C4<0>;
v00000269e5940810_0 .net/2u *"_ivl_156", 2 0, L_00000269e5953410;  1 drivers
v00000269e5940590_0 .net *"_ivl_158", 0 0, L_00000269e599bbf0;  1 drivers
L_00000269e5952d08 .functor BUFT 1, C4<1100011>, C4<0>, C4<0>, C4<0>;
v00000269e5941fd0_0 .net/2u *"_ivl_16", 6 0, L_00000269e5952d08;  1 drivers
L_00000269e5953458 .functor BUFT 1, C4<000>, C4<0>, C4<0>, C4<0>;
v00000269e5940e50_0 .net/2u *"_ivl_162", 2 0, L_00000269e5953458;  1 drivers
v00000269e5940f90_0 .net *"_ivl_164", 0 0, L_00000269e599bab0;  1 drivers
L_00000269e59534a0 .functor BUFT 1, C4<001>, C4<0>, C4<0>, C4<0>;
v00000269e59406d0_0 .net/2u *"_ivl_168", 2 0, L_00000269e59534a0;  1 drivers
v00000269e5941e90_0 .net *"_ivl_170", 0 0, L_00000269e599b830;  1 drivers
L_00000269e59534e8 .functor BUFT 1, C4<100>, C4<0>, C4<0>, C4<0>;
v00000269e59415d0_0 .net/2u *"_ivl_174", 2 0, L_00000269e59534e8;  1 drivers
v00000269e5941670_0 .net *"_ivl_176", 0 0, L_00000269e599b5b0;  1 drivers
L_00000269e5953530 .functor BUFT 1, C4<101>, C4<0>, C4<0>, C4<0>;
v00000269e5940bd0_0 .net/2u *"_ivl_180", 2 0, L_00000269e5953530;  1 drivers
v00000269e5941170_0 .net *"_ivl_182", 0 0, L_00000269e599c730;  1 drivers
L_00000269e5953578 .functor BUFT 1, C4<000>, C4<0>, C4<0>, C4<0>;
v00000269e59418f0_0 .net/2u *"_ivl_186", 2 0, L_00000269e5953578;  1 drivers
v00000269e5941990_0 .net *"_ivl_188", 0 0, L_00000269e599c050;  1 drivers
L_00000269e59535c0 .functor BUFT 1, C4<110>, C4<0>, C4<0>, C4<0>;
v00000269e5940b30_0 .net/2u *"_ivl_192", 2 0, L_00000269e59535c0;  1 drivers
v00000269e5940770_0 .net *"_ivl_194", 0 0, L_00000269e599bb50;  1 drivers
L_00000269e5953608 .functor BUFT 1, C4<111>, C4<0>, C4<0>, C4<0>;
v00000269e5942070_0 .net/2u *"_ivl_198", 2 0, L_00000269e5953608;  1 drivers
L_00000269e5952d50 .functor BUFT 1, C4<1101111>, C4<0>, C4<0>, C4<0>;
v00000269e5940c70_0 .net/2u *"_ivl_20", 6 0, L_00000269e5952d50;  1 drivers
v00000269e5941210_0 .net *"_ivl_200", 0 0, L_00000269e599bd30;  1 drivers
L_00000269e5953650 .functor BUFT 1, C4<100>, C4<0>, C4<0>, C4<0>;
v00000269e5941a30_0 .net/2u *"_ivl_204", 2 0, L_00000269e5953650;  1 drivers
v00000269e5940d10_0 .net *"_ivl_206", 0 0, L_00000269e599c550;  1 drivers
L_00000269e5953698 .functor BUFT 1, C4<001>, C4<0>, C4<0>, C4<0>;
v00000269e5940db0_0 .net/2u *"_ivl_210", 2 0, L_00000269e5953698;  1 drivers
v00000269e5941d50_0 .net *"_ivl_212", 0 0, L_00000269e599bf10;  1 drivers
v00000269e5941ad0_0 .net *"_ivl_214", 0 0, L_00000269e599fc80;  1 drivers
L_00000269e59536e0 .functor BUFT 1, C4<0000000>, C4<0>, C4<0>, C4<0>;
v00000269e5941030_0 .net/2u *"_ivl_216", 6 0, L_00000269e59536e0;  1 drivers
v00000269e5941cb0_0 .net *"_ivl_218", 0 0, L_00000269e599ca50;  1 drivers
L_00000269e5953728 .functor BUFT 1, C4<010>, C4<0>, C4<0>, C4<0>;
v00000269e59412b0_0 .net/2u *"_ivl_222", 2 0, L_00000269e5953728;  1 drivers
v00000269e5941df0_0 .net *"_ivl_224", 0 0, L_00000269e599b010;  1 drivers
L_00000269e5953770 .functor BUFT 1, C4<011>, C4<0>, C4<0>, C4<0>;
v00000269e5942500_0 .net/2u *"_ivl_228", 2 0, L_00000269e5953770;  1 drivers
v00000269e59426e0_0 .net *"_ivl_230", 0 0, L_00000269e599b6f0;  1 drivers
L_00000269e59537b8 .functor BUFT 1, C4<101>, C4<0>, C4<0>, C4<0>;
v00000269e5942aa0_0 .net/2u *"_ivl_234", 2 0, L_00000269e59537b8;  1 drivers
v00000269e5943360_0 .net *"_ivl_236", 0 0, L_00000269e599ae30;  1 drivers
v00000269e5944120_0 .net *"_ivl_238", 0 0, L_00000269e599f580;  1 drivers
L_00000269e5952d98 .functor BUFT 1, C4<1100111>, C4<0>, C4<0>, C4<0>;
v00000269e5943f40_0 .net/2u *"_ivl_24", 6 0, L_00000269e5952d98;  1 drivers
L_00000269e5953800 .functor BUFT 1, C4<0100000>, C4<0>, C4<0>, C4<0>;
v00000269e5943220_0 .net/2u *"_ivl_240", 6 0, L_00000269e5953800;  1 drivers
v00000269e5944260_0 .net *"_ivl_242", 0 0, L_00000269e599bfb0;  1 drivers
L_00000269e5953848 .functor BUFT 1, C4<101>, C4<0>, C4<0>, C4<0>;
v00000269e59432c0_0 .net/2u *"_ivl_246", 2 0, L_00000269e5953848;  1 drivers
v00000269e5943400_0 .net *"_ivl_248", 0 0, L_00000269e599c0f0;  1 drivers
v00000269e5942780_0 .net *"_ivl_250", 0 0, L_00000269e59a07e0;  1 drivers
L_00000269e5953890 .functor BUFT 1, C4<0000000>, C4<0>, C4<0>, C4<0>;
v00000269e5942a00_0 .net/2u *"_ivl_252", 6 0, L_00000269e5953890;  1 drivers
v00000269e5942be0_0 .net *"_ivl_254", 0 0, L_00000269e599c230;  1 drivers
L_00000269e59538d8 .functor BUFT 1, C4<010>, C4<0>, C4<0>, C4<0>;
v00000269e59441c0_0 .net/2u *"_ivl_258", 2 0, L_00000269e59538d8;  1 drivers
v00000269e5943900_0 .net *"_ivl_260", 0 0, L_00000269e599b970;  1 drivers
L_00000269e5953920 .functor BUFT 1, C4<000>, C4<0>, C4<0>, C4<0>;
v00000269e5942820_0 .net/2u *"_ivl_264", 2 0, L_00000269e5953920;  1 drivers
v00000269e5943c20_0 .net *"_ivl_266", 0 0, L_00000269e599cb90;  1 drivers
L_00000269e5953968 .functor BUFT 1, C4<001>, C4<0>, C4<0>, C4<0>;
v00000269e5942dc0_0 .net/2u *"_ivl_270", 2 0, L_00000269e5953968;  1 drivers
v00000269e59428c0_0 .net *"_ivl_272", 0 0, L_00000269e599c7d0;  1 drivers
L_00000269e59539b0 .functor BUFT 1, C4<000>, C4<0>, C4<0>, C4<0>;
v00000269e5944080_0 .net/2u *"_ivl_276", 2 0, L_00000269e59539b0;  1 drivers
v00000269e5943fe0_0 .net *"_ivl_278", 0 0, L_00000269e599d1d0;  1 drivers
L_00000269e5952de0 .functor BUFT 1, C4<0110111>, C4<0>, C4<0>, C4<0>;
v00000269e59434a0_0 .net/2u *"_ivl_28", 6 0, L_00000269e5952de0;  1 drivers
L_00000269e59539f8 .functor BUFT 1, C4<100>, C4<0>, C4<0>, C4<0>;
v00000269e5942b40_0 .net/2u *"_ivl_282", 2 0, L_00000269e59539f8;  1 drivers
v00000269e5942e60_0 .net *"_ivl_284", 0 0, L_00000269e599be70;  1 drivers
L_00000269e5953a40 .functor BUFT 1, C4<110>, C4<0>, C4<0>, C4<0>;
v00000269e5942640_0 .net/2u *"_ivl_288", 2 0, L_00000269e5953a40;  1 drivers
v00000269e5942c80_0 .net *"_ivl_290", 0 0, L_00000269e599b0b0;  1 drivers
L_00000269e5953a88 .functor BUFT 1, C4<001>, C4<0>, C4<0>, C4<0>;
v00000269e59437c0_0 .net/2u *"_ivl_294", 2 0, L_00000269e5953a88;  1 drivers
v00000269e5943540_0 .net *"_ivl_296", 0 0, L_00000269e599ba10;  1 drivers
L_00000269e5953ad0 .functor BUFT 1, C4<101>, C4<0>, C4<0>, C4<0>;
v00000269e59423c0_0 .net/2u *"_ivl_300", 2 0, L_00000269e5953ad0;  1 drivers
v00000269e5943b80_0 .net *"_ivl_302", 0 0, L_00000269e599c5f0;  1 drivers
L_00000269e5953b18 .functor BUFT 1, C4<111>, C4<0>, C4<0>, C4<0>;
v00000269e59430e0_0 .net/2u *"_ivl_306", 2 0, L_00000269e5953b18;  1 drivers
v00000269e5942460_0 .net *"_ivl_308", 0 0, L_00000269e599c2d0;  1 drivers
v00000269e59425a0_0 .net *"_ivl_312", 0 0, L_00000269e59a0770;  1 drivers
v00000269e5943ae0_0 .net *"_ivl_314", 0 0, L_00000269e599f200;  1 drivers
v00000269e5943cc0_0 .net *"_ivl_316", 0 0, L_00000269e59a00e0;  1 drivers
v00000269e5942d20_0 .net *"_ivl_318", 0 0, L_00000269e59a01c0;  1 drivers
L_00000269e5952e28 .functor BUFT 1, C4<0010111>, C4<0>, C4<0>, C4<0>;
v00000269e5942960_0 .net/2u *"_ivl_32", 6 0, L_00000269e5952e28;  1 drivers
v00000269e5942f00_0 .net *"_ivl_320", 0 0, L_00000269e59a0310;  1 drivers
v00000269e5942fa0_0 .net *"_ivl_326", 0 0, L_00000269e599fb30;  1 drivers
v00000269e5943040_0 .net *"_ivl_328", 0 0, L_00000269e599ec50;  1 drivers
v00000269e5943180_0 .net *"_ivl_330", 0 0, L_00000269e599f3c0;  1 drivers
v00000269e59439a0_0 .net *"_ivl_332", 0 0, L_00000269e599f190;  1 drivers
v00000269e59435e0_0 .net *"_ivl_334", 0 0, L_00000269e59a03f0;  1 drivers
v00000269e5943a40_0 .net *"_ivl_340", 0 0, L_00000269e599fcf0;  1 drivers
v00000269e5943680_0 .net *"_ivl_342", 0 0, L_00000269e59a0380;  1 drivers
v00000269e5943720_0 .net *"_ivl_346", 0 0, L_00000269e59a0540;  1 drivers
v00000269e5943d60_0 .net *"_ivl_348", 0 0, L_00000269e599f0b0;  1 drivers
v00000269e5943860_0 .net *"_ivl_350", 0 0, L_00000269e599ecc0;  1 drivers
v00000269e5943e00_0 .net *"_ivl_352", 0 0, L_00000269e59a05b0;  1 drivers
v00000269e5943ea0_0 .net *"_ivl_354", 0 0, L_00000269e59a0620;  1 drivers
v00000269e5946f00_0 .net *"_ivl_356", 0 0, L_00000269e599ed30;  1 drivers
v00000269e5947ae0_0 .net *"_ivl_358", 0 0, L_00000269e599fc10;  1 drivers
L_00000269e5952e70 .functor BUFT 1, C4<000>, C4<0>, C4<0>, C4<0>;
v00000269e5946e60_0 .net/2u *"_ivl_36", 2 0, L_00000269e5952e70;  1 drivers
v00000269e5946be0_0 .net *"_ivl_363", 0 0, L_00000269e599fd60;  1 drivers
v00000269e5947b80_0 .net *"_ivl_367", 0 0, L_00000269e599eda0;  1 drivers
v00000269e5947c20_0 .net *"_ivl_370", 0 0, L_00000269e599f120;  1 drivers
v00000269e5947ea0_0 .net *"_ivl_376", 0 0, L_00000269e599ee10;  1 drivers
v00000269e5947400_0 .net *"_ivl_38", 0 0, L_00000269e5951bb0;  1 drivers
v00000269e5947180_0 .net *"_ivl_380", 0 0, L_00000269e599ff90;  1 drivers
v00000269e5946fa0_0 .net *"_ivl_384", 0 0, L_00000269e599f430;  1 drivers
v00000269e5947a40_0 .net *"_ivl_389", 0 0, L_00000269e599fdd0;  1 drivers
v00000269e5947cc0_0 .net *"_ivl_393", 0 0, L_00000269e599fe40;  1 drivers
v00000269e5947040_0 .net *"_ivl_398", 0 0, L_00000269e59a0af0;  1 drivers
L_00000269e5952c30 .functor BUFT 1, C4<0000011>, C4<0>, C4<0>, C4<0>;
v00000269e5947680_0 .net/2u *"_ivl_4", 6 0, L_00000269e5952c30;  1 drivers
v00000269e59470e0_0 .net *"_ivl_40", 0 0, L_00000269e58ae940;  1 drivers
v00000269e59474a0_0 .net *"_ivl_401", 0 0, L_00000269e59a0850;  1 drivers
v00000269e5948260_0 .net *"_ivl_403", 0 0, L_00000269e59a08c0;  1 drivers
v00000269e5947d60_0 .net *"_ivl_405", 0 0, L_00000269e59a09a0;  1 drivers
v00000269e5947360_0 .net *"_ivl_407", 0 0, L_00000269e59a0a80;  1 drivers
v00000269e5947e00_0 .net *"_ivl_409", 0 0, L_00000269e59a0a10;  1 drivers
v00000269e5948120_0 .net *"_ivl_411", 0 0, L_00000269e59a0b60;  1 drivers
v00000269e5947f40_0 .net *"_ivl_413", 0 0, L_00000269e59a0930;  1 drivers
v00000269e5947fe0_0 .net *"_ivl_415", 0 0, L_00000269e59a12f0;  1 drivers
v00000269e59477c0_0 .net *"_ivl_417", 0 0, L_00000269e59a1d70;  1 drivers
v00000269e5948080_0 .net *"_ivl_419", 0 0, L_00000269e59a19f0;  1 drivers
L_00000269e5952eb8 .functor BUFT 1, C4<0000000>, C4<0>, C4<0>, C4<0>;
v00000269e59481c0_0 .net/2u *"_ivl_42", 6 0, L_00000269e5952eb8;  1 drivers
v00000269e5946c80_0 .net *"_ivl_421", 0 0, L_00000269e59a1830;  1 drivers
v00000269e59472c0_0 .net *"_ivl_423", 0 0, L_00000269e59a26a0;  1 drivers
v00000269e5947540_0 .net *"_ivl_425", 0 0, L_00000269e59a18a0;  1 drivers
v00000269e5947860_0 .net *"_ivl_427", 0 0, L_00000269e59a0db0;  1 drivers
v00000269e5947220_0 .net *"_ivl_429", 0 0, L_00000269e59a2080;  1 drivers
v00000269e5946d20_0 .net *"_ivl_431", 0 0, L_00000269e59a1de0;  1 drivers
v00000269e59475e0_0 .net *"_ivl_435", 0 0, L_00000269e59a24e0;  1 drivers
v00000269e5947720_0 .net *"_ivl_437", 0 0, L_00000269e59a21d0;  1 drivers
v00000269e5947900_0 .net *"_ivl_439", 0 0, L_00000269e59a1980;  1 drivers
v00000269e5946dc0_0 .net *"_ivl_44", 0 0, L_00000269e5951930;  1 drivers
v00000269e59479a0_0 .net *"_ivl_441", 0 0, L_00000269e59a1fa0;  1 drivers
v00000269e5945ec0_0 .net *"_ivl_443", 0 0, L_00000269e59a1c90;  1 drivers
v00000269e5946a00_0 .net *"_ivl_445", 0 0, L_00000269e59a2710;  1 drivers
v00000269e59461e0_0 .net *"_ivl_447", 0 0, L_00000269e59a25c0;  1 drivers
v00000269e5945420_0 .net *"_ivl_449", 0 0, L_00000269e59a0c60;  1 drivers
v00000269e5945ce0_0 .net *"_ivl_451", 0 0, L_00000269e59a1050;  1 drivers
v00000269e59447a0_0 .net *"_ivl_453", 0 0, L_00000269e59a0fe0;  1 drivers
v00000269e5944fc0_0 .net *"_ivl_455", 0 0, L_00000269e59a10c0;  1 drivers
v00000269e5945b00_0 .net *"_ivl_457", 0 0, L_00000269e59a2240;  1 drivers
v00000269e5944a20_0 .net *"_ivl_459", 0 0, L_00000269e59a1440;  1 drivers
v00000269e5945560_0 .net *"_ivl_461", 0 0, L_00000269e59a2780;  1 drivers
v00000269e59457e0_0 .net *"_ivl_463", 0 0, L_00000269e59a0cd0;  1 drivers
v00000269e59445c0_0 .net *"_ivl_467", 0 0, L_00000269e59a1130;  1 drivers
v00000269e5944840_0 .net *"_ivl_469", 0 0, L_00000269e59a14b0;  1 drivers
v00000269e59465a0_0 .net *"_ivl_471", 0 0, L_00000269e59a1910;  1 drivers
v00000269e5945d80_0 .net *"_ivl_473", 0 0, L_00000269e59a1360;  1 drivers
v00000269e5944b60_0 .net *"_ivl_475", 0 0, L_00000269e59a1670;  1 drivers
v00000269e5946500_0 .net *"_ivl_477", 0 0, L_00000269e59a1590;  1 drivers
v00000269e5944f20_0 .net *"_ivl_479", 0 0, L_00000269e59a11a0;  1 drivers
L_00000269e5952f00 .functor BUFT 1, C4<000>, C4<0>, C4<0>, C4<0>;
v00000269e59456a0_0 .net/2u *"_ivl_48", 2 0, L_00000269e5952f00;  1 drivers
v00000269e5945740_0 .net *"_ivl_481", 0 0, L_00000269e59a1520;  1 drivers
v00000269e5945240_0 .net *"_ivl_483", 0 0, L_00000269e59a1210;  1 drivers
v00000269e5945ba0_0 .net *"_ivl_485", 0 0, L_00000269e59a1e50;  1 drivers
v00000269e5945100_0 .net *"_ivl_487", 0 0, L_00000269e59a13d0;  1 drivers
v00000269e5945380_0 .net *"_ivl_489", 0 0, L_00000269e59a2010;  1 drivers
v00000269e5944980_0 .net *"_ivl_493", 0 0, L_00000269e59a20f0;  1 drivers
v00000269e5946320_0 .net *"_ivl_495", 0 0, L_00000269e59a1600;  1 drivers
v00000269e5946640_0 .net *"_ivl_497", 0 0, L_00000269e59a0d40;  1 drivers
v00000269e5946aa0_0 .net *"_ivl_499", 0 0, L_00000269e59a1a60;  1 drivers
v00000269e5944c00_0 .net *"_ivl_50", 0 0, L_00000269e59523d0;  1 drivers
v00000269e5944700_0 .net *"_ivl_501", 0 0, L_00000269e59a1280;  1 drivers
v00000269e5946140_0 .net *"_ivl_503", 0 0, L_00000269e59a1ec0;  1 drivers
v00000269e5946960_0 .net *"_ivl_505", 0 0, L_00000269e59a1c20;  1 drivers
v00000269e59448e0_0 .net *"_ivl_507", 0 0, L_00000269e59a2400;  1 drivers
v00000269e5944d40_0 .net *"_ivl_509", 0 0, L_00000269e59a1bb0;  1 drivers
v00000269e5945600_0 .net *"_ivl_511", 0 0, L_00000269e59a16e0;  1 drivers
v00000269e5944ac0_0 .net *"_ivl_513", 0 0, L_00000269e59a1f30;  1 drivers
v00000269e59451a0_0 .net *"_ivl_515", 0 0, L_00000269e59a1ad0;  1 drivers
v00000269e59454c0_0 .net *"_ivl_517", 0 0, L_00000269e59a1d00;  1 drivers
v00000269e5946820_0 .net *"_ivl_52", 0 0, L_00000269e58aeef0;  1 drivers
v00000269e5944ca0_0 .net *"_ivl_522", 0 0, L_00000269e59a0e20;  1 drivers
v00000269e5944de0_0 .net *"_ivl_524", 0 0, L_00000269e59a2160;  1 drivers
v00000269e5945880_0 .net *"_ivl_526", 0 0, L_00000269e59a22b0;  1 drivers
v00000269e5946b40_0 .net *"_ivl_530", 0 0, L_00000269e59a2550;  1 drivers
v00000269e59452e0_0 .net *"_ivl_532", 0 0, L_00000269e59a1750;  1 drivers
v00000269e5945920_0 .net *"_ivl_534", 0 0, L_00000269e59a2320;  1 drivers
v00000269e5945c40_0 .net *"_ivl_538", 0 0, L_00000269e59a2390;  1 drivers
L_00000269e5952f48 .functor BUFT 1, C4<0100000>, C4<0>, C4<0>, C4<0>;
v00000269e59443e0_0 .net/2u *"_ivl_54", 6 0, L_00000269e5952f48;  1 drivers
v00000269e5944480_0 .net *"_ivl_540", 0 0, L_00000269e59a17c0;  1 drivers
v00000269e5944e80_0 .net *"_ivl_546", 0 0, L_00000269e59a2470;  1 drivers
v00000269e5945e20_0 .net *"_ivl_56", 0 0, L_00000269e5951c50;  1 drivers
L_00000269e5952f90 .functor BUFT 1, C4<110>, C4<0>, C4<0>, C4<0>;
v00000269e5945060_0 .net/2u *"_ivl_60", 2 0, L_00000269e5952f90;  1 drivers
v00000269e59463c0_0 .net *"_ivl_62", 0 0, L_00000269e5951d90;  1 drivers
v00000269e5944520_0 .net *"_ivl_64", 0 0, L_00000269e58aee10;  1 drivers
L_00000269e5952fd8 .functor BUFT 1, C4<0000000>, C4<0>, C4<0>, C4<0>;
v00000269e59459c0_0 .net/2u *"_ivl_66", 6 0, L_00000269e5952fd8;  1 drivers
v00000269e5945a60_0 .net *"_ivl_68", 0 0, L_00000269e5952150;  1 drivers
L_00000269e5953020 .functor BUFT 1, C4<111>, C4<0>, C4<0>, C4<0>;
v00000269e5945f60_0 .net/2u *"_ivl_72", 2 0, L_00000269e5953020;  1 drivers
v00000269e5946000_0 .net *"_ivl_74", 0 0, L_00000269e59521f0;  1 drivers
v00000269e5944660_0 .net *"_ivl_76", 0 0, L_00000269e58aeda0;  1 drivers
L_00000269e5953068 .functor BUFT 1, C4<0000000>, C4<0>, C4<0>, C4<0>;
v00000269e59460a0_0 .net/2u *"_ivl_78", 6 0, L_00000269e5953068;  1 drivers
L_00000269e5952c78 .functor BUFT 1, C4<0010011>, C4<0>, C4<0>, C4<0>;
v00000269e5946280_0 .net/2u *"_ivl_8", 6 0, L_00000269e5952c78;  1 drivers
v00000269e5946460_0 .net *"_ivl_80", 0 0, L_00000269e599bc90;  1 drivers
L_00000269e59530b0 .functor BUFT 1, C4<100>, C4<0>, C4<0>, C4<0>;
v00000269e59466e0_0 .net/2u *"_ivl_84", 2 0, L_00000269e59530b0;  1 drivers
v00000269e5946780_0 .net *"_ivl_86", 0 0, L_00000269e599c410;  1 drivers
v00000269e59468c0_0 .net *"_ivl_88", 0 0, L_00000269e58aefd0;  1 drivers
L_00000269e59530f8 .functor BUFT 1, C4<0000000>, C4<0>, C4<0>, C4<0>;
v00000269e594c5f0_0 .net/2u *"_ivl_90", 6 0, L_00000269e59530f8;  1 drivers
v00000269e594caf0_0 .net *"_ivl_92", 0 0, L_00000269e599cf50;  1 drivers
L_00000269e5953140 .functor BUFT 1, C4<001>, C4<0>, C4<0>, C4<0>;
v00000269e594ceb0_0 .net/2u *"_ivl_96", 2 0, L_00000269e5953140;  1 drivers
v00000269e594d130_0 .net *"_ivl_98", 0 0, L_00000269e599b790;  1 drivers
v00000269e594d9f0_0 .net "is_add", 0 0, L_00000269e58ad7c0;  1 drivers
v00000269e594c690_0 .net "is_addi", 0 0, L_00000269e59a0000;  1 drivers
v00000269e594c730_0 .net "is_and", 0 0, L_00000269e58aee80;  1 drivers
v00000269e594cd70_0 .net "is_andi", 0 0, L_00000269e599f890;  1 drivers
v00000269e594c9b0_0 .net "is_auipc", 0 0, L_00000269e5951610;  1 drivers
v00000269e594d8b0_0 .net "is_beq", 0 0, L_00000269e599eef0;  1 drivers
v00000269e594c7d0_0 .net "is_bge", 0 0, L_00000269e599f900;  1 drivers
v00000269e594ce10_0 .net "is_bgeu", 0 0, L_00000269e599fac0;  1 drivers
v00000269e594cb90_0 .net "is_blt", 0 0, L_00000269e599ef60;  1 drivers
v00000269e594d1d0_0 .net "is_bltu", 0 0, L_00000269e59a02a0;  1 drivers
v00000269e594ca50_0 .net "is_bne", 0 0, L_00000269e599f6d0;  1 drivers
v00000269e594c910_0 .net "is_itype_l", 0 0, L_00000269e59514d0;  1 drivers
v00000269e594cf50_0 .net "is_itype_r", 0 0, L_00000269e5952830;  1 drivers
v00000269e594d3b0_0 .net "is_jal", 0 0, L_00000269e5951570;  1 drivers
v00000269e594d6d0_0 .net "is_jalr", 0 0, L_00000269e5951a70;  1 drivers
v00000269e594c4b0_0 .net "is_lb", 0 0, L_00000269e599f9e0;  1 drivers
v00000269e594cc30_0 .net "is_lbu", 0 0, L_00000269e59a0070;  1 drivers
v00000269e594d450_0 .net "is_lh", 0 0, L_00000269e59a0700;  1 drivers
v00000269e594d770_0 .net "is_lhu", 0 0, L_00000269e599fa50;  1 drivers
v00000269e594cff0_0 .net "is_lui", 0 0, L_00000269e5951750;  1 drivers
v00000269e594d950_0 .net "is_lw", 0 0, L_00000269e599f820;  1 drivers
v00000269e594c870_0 .net "is_or", 0 0, L_00000269e58aed30;  1 drivers
v00000269e594d4f0_0 .net "is_ori", 0 0, L_00000269e59a04d0;  1 drivers
v00000269e594d090_0 .net "is_rtype", 0 0, L_00000269e59519d0;  1 drivers
v00000269e594ccd0_0 .net "is_sb", 0 0, L_00000269e59a0460;  1 drivers
v00000269e594d590_0 .net "is_sbtype", 0 0, L_00000269e5951f70;  1 drivers
v00000269e594da90_0 .net "is_sh", 0 0, L_00000269e599ee80;  1 drivers
v00000269e594d270_0 .net "is_sll", 0 0, L_00000269e54a93e0;  1 drivers
v00000269e594d310_0 .net "is_slli", 0 0, L_00000269e599f7b0;  1 drivers
v00000269e594d630_0 .net "is_slt", 0 0, L_00000269e599f350;  1 drivers
v00000269e594d810_0 .net "is_slti", 0 0, L_00000269e599f4a0;  1 drivers
v00000269e594c410_0 .net "is_sltiu", 0 0, L_00000269e599f510;  1 drivers
v00000269e594c550_0 .net "is_sltu", 0 0, L_00000269e599f970;  1 drivers
v00000269e594abb0_0 .net "is_sra", 0 0, L_00000269e59a0230;  1 drivers
v00000269e594b1f0_0 .net "is_srai", 0 0, L_00000269e59a0690;  1 drivers
v00000269e594bab0_0 .net "is_srl", 0 0, L_00000269e599feb0;  1 drivers
v00000269e594bb50_0 .net "is_srli", 0 0, L_00000269e599f660;  1 drivers
v00000269e594a890_0 .net "is_stype", 0 0, L_00000269e5951b10;  1 drivers
v00000269e594a610_0 .net "is_sub", 0 0, L_00000269e58ae160;  1 drivers
v00000269e594c230_0 .net "is_sw", 0 0, L_00000269e599f740;  1 drivers
v00000269e594b790_0 .net "is_xor", 0 0, L_00000269e58aef60;  1 drivers
v00000269e594c050_0 .net "is_xori", 0 0, L_00000269e599f270;  1 drivers
L_00000269e59519d0 .cmp/eq 7, L_00000269e59525b0, L_00000269e5952be8;
L_00000269e59514d0 .cmp/eq 7, L_00000269e59525b0, L_00000269e5952c30;
L_00000269e5952830 .cmp/eq 7, L_00000269e59525b0, L_00000269e5952c78;
L_00000269e5951b10 .cmp/eq 7, L_00000269e59525b0, L_00000269e5952cc0;
L_00000269e5951f70 .cmp/eq 7, L_00000269e59525b0, L_00000269e5952d08;
L_00000269e5951570 .cmp/eq 7, L_00000269e59525b0, L_00000269e5952d50;
L_00000269e5951a70 .cmp/eq 7, L_00000269e59525b0, L_00000269e5952d98;
L_00000269e5951750 .cmp/eq 7, L_00000269e59525b0, L_00000269e5952de0;
L_00000269e5951610 .cmp/eq 7, L_00000269e59525b0, L_00000269e5952e28;
L_00000269e5951bb0 .cmp/eq 3, L_00000269e5951cf0, L_00000269e5952e70;
L_00000269e5951930 .cmp/eq 7, L_00000269e5951890, L_00000269e5952eb8;
L_00000269e59523d0 .cmp/eq 3, L_00000269e5951cf0, L_00000269e5952f00;
L_00000269e5951c50 .cmp/eq 7, L_00000269e5951890, L_00000269e5952f48;
L_00000269e5951d90 .cmp/eq 3, L_00000269e5951cf0, L_00000269e5952f90;
L_00000269e5952150 .cmp/eq 7, L_00000269e5951890, L_00000269e5952fd8;
L_00000269e59521f0 .cmp/eq 3, L_00000269e5951cf0, L_00000269e5953020;
L_00000269e599bc90 .cmp/eq 7, L_00000269e5951890, L_00000269e5953068;
L_00000269e599c410 .cmp/eq 3, L_00000269e5951cf0, L_00000269e59530b0;
L_00000269e599cf50 .cmp/eq 7, L_00000269e5951890, L_00000269e59530f8;
L_00000269e599b790 .cmp/eq 3, L_00000269e5951cf0, L_00000269e5953140;
L_00000269e599aed0 .cmp/eq 7, L_00000269e5951890, L_00000269e5953188;
L_00000269e599c910 .cmp/eq 3, L_00000269e5951cf0, L_00000269e59531d0;
L_00000269e599b8d0 .cmp/eq 7, L_00000269e5951890, L_00000269e5953218;
L_00000269e599c4b0 .cmp/eq 3, L_00000269e5951cf0, L_00000269e5953260;
L_00000269e599d090 .cmp/eq 7, L_00000269e5951890, L_00000269e59532a8;
L_00000269e599ccd0 .cmp/eq 3, L_00000269e5951cf0, L_00000269e59532f0;
L_00000269e599af70 .cmp/eq 7, L_00000269e5951890, L_00000269e5953338;
L_00000269e599cff0 .cmp/eq 3, L_00000269e5951cf0, L_00000269e5953380;
L_00000269e599c190 .cmp/eq 7, L_00000269e5951890, L_00000269e59533c8;
L_00000269e599bbf0 .cmp/eq 3, L_00000269e5951cf0, L_00000269e5953410;
L_00000269e599bab0 .cmp/eq 3, L_00000269e5951cf0, L_00000269e5953458;
L_00000269e599b830 .cmp/eq 3, L_00000269e5951cf0, L_00000269e59534a0;
L_00000269e599b5b0 .cmp/eq 3, L_00000269e5951cf0, L_00000269e59534e8;
L_00000269e599c730 .cmp/eq 3, L_00000269e5951cf0, L_00000269e5953530;
L_00000269e599c050 .cmp/eq 3, L_00000269e5951cf0, L_00000269e5953578;
L_00000269e599bb50 .cmp/eq 3, L_00000269e5951cf0, L_00000269e59535c0;
L_00000269e599bd30 .cmp/eq 3, L_00000269e5951cf0, L_00000269e5953608;
L_00000269e599c550 .cmp/eq 3, L_00000269e5951cf0, L_00000269e5953650;
L_00000269e599bf10 .cmp/eq 3, L_00000269e5951cf0, L_00000269e5953698;
L_00000269e599ca50 .cmp/eq 7, L_00000269e5951890, L_00000269e59536e0;
L_00000269e599b010 .cmp/eq 3, L_00000269e5951cf0, L_00000269e5953728;
L_00000269e599b6f0 .cmp/eq 3, L_00000269e5951cf0, L_00000269e5953770;
L_00000269e599ae30 .cmp/eq 3, L_00000269e5951cf0, L_00000269e59537b8;
L_00000269e599bfb0 .cmp/eq 7, L_00000269e5951890, L_00000269e5953800;
L_00000269e599c0f0 .cmp/eq 3, L_00000269e5951cf0, L_00000269e5953848;
L_00000269e599c230 .cmp/eq 7, L_00000269e5951890, L_00000269e5953890;
L_00000269e599b970 .cmp/eq 3, L_00000269e5951cf0, L_00000269e59538d8;
L_00000269e599cb90 .cmp/eq 3, L_00000269e5951cf0, L_00000269e5953920;
L_00000269e599c7d0 .cmp/eq 3, L_00000269e5951cf0, L_00000269e5953968;
L_00000269e599d1d0 .cmp/eq 3, L_00000269e5951cf0, L_00000269e59539b0;
L_00000269e599be70 .cmp/eq 3, L_00000269e5951cf0, L_00000269e59539f8;
L_00000269e599b0b0 .cmp/eq 3, L_00000269e5951cf0, L_00000269e5953a40;
L_00000269e599ba10 .cmp/eq 3, L_00000269e5951cf0, L_00000269e5953a88;
L_00000269e599c5f0 .cmp/eq 3, L_00000269e5951cf0, L_00000269e5953ad0;
L_00000269e599c2d0 .cmp/eq 3, L_00000269e5951cf0, L_00000269e5953b18;
LS_00000269e599c370_0_0 .concat8 [ 1 1 1 1], L_00000269e599ee10, L_00000269e599f120, L_00000269e599eda0, L_00000269e599fd60;
LS_00000269e599c370_0_4 .concat8 [ 1 1 0 0], L_00000269e599fc10, L_00000269e59a0380;
L_00000269e599c370 .concat8 [ 4 2 0 0], LS_00000269e599c370_0_0, LS_00000269e599c370_0_4;
L_00000269e599b1f0 .concat8 [ 1 1 0 0], L_00000269e599ff90, L_00000269e599f430;
L_00000269e599b150 .concat8 [ 1 1 1 0], L_00000269e599fdd0, L_00000269e599fe40, L_00000269e59a0af0;
LS_00000269e599b510_0_0 .concat8 [ 1 1 1 1], L_00000269e59a1de0, L_00000269e59a0cd0, L_00000269e59a2010, L_00000269e59a1d00;
LS_00000269e599b510_0_4 .concat8 [ 1 0 0 0], L_00000269e59a22b0;
L_00000269e599b510 .concat8 [ 4 1 0 0], LS_00000269e599b510_0_0, LS_00000269e599b510_0_4;
L_00000269e599bdd0 .concat8 [ 1 1 1 0], L_00000269e59a2320, L_00000269e59a17c0, L_00000269e59a2470;
    .scope S_00000269e5459cc0;
T_0 ;
    %wait E_00000269e58c79a0;
    %load/vec4 v00000269e58cea00_0;
    %flag_set/vec4 8;
    %jmp/0xz  T_0.0, 8;
    %pushi/vec4 0, 0, 32;
    %assign/vec4 v00000269e58ce820_0, 0;
    %jmp T_0.1;
T_0.0 ;
    %load/vec4 v00000269e58cee60_0;
    %assign/vec4 v00000269e58ce820_0, 0;
T_0.1 ;
    %jmp T_0;
    .thread T_0;
    .scope S_00000269e5465330;
T_1 ;
    %wait E_00000269e58c67a0;
    %load/vec4 v00000269e58cfea0_0;
    %dup/vec4;
    %pushi/vec4 0, 0, 3;
    %cmp/u;
    %jmp/1 T_1.0, 6;
    %dup/vec4;
    %pushi/vec4 1, 0, 3;
    %cmp/u;
    %jmp/1 T_1.1, 6;
    %dup/vec4;
    %pushi/vec4 2, 0, 3;
    %cmp/u;
    %jmp/1 T_1.2, 6;
    %dup/vec4;
    %pushi/vec4 4, 0, 3;
    %cmp/u;
    %jmp/1 T_1.3, 6;
    %load/vec4 v00000269e58cf900_0;
    %store/vec4 v00000269e58ced20_0, 0, 32;
    %jmp T_1.5;
T_1.0 ;
    %load/vec4 v00000269e58cf900_0;
    %store/vec4 v00000269e58ced20_0, 0, 32;
    %jmp T_1.5;
T_1.1 ;
    %load/vec4 v00000269e58ce640_0;
    %load/vec4 v00000269e58cfd60_0;
    %add;
    %store/vec4 v00000269e58ced20_0, 0, 32;
    %jmp T_1.5;
T_1.2 ;
    %load/vec4 v00000269e58ce640_0;
    %load/vec4 v00000269e58cfd60_0;
    %add;
    %store/vec4 v00000269e58ced20_0, 0, 32;
    %jmp T_1.5;
T_1.3 ;
    %load/vec4 v00000269e58d0080_0;
    %store/vec4 v00000269e58ced20_0, 0, 32;
    %jmp T_1.5;
T_1.5 ;
    %pop/vec4 1;
    %jmp T_1;
    .thread T_1, $push;
    .scope S_00000269e54651a0;
T_2 ;
    %wait E_00000269e58c5860;
    %load/vec4 v00000269e58cfcc0_0;
    %dup/vec4;
    %pushi/vec4 32, 0, 6;
    %cmp/u;
    %jmp/1 T_2.0, 6;
    %dup/vec4;
    %pushi/vec4 16, 0, 6;
    %cmp/u;
    %jmp/1 T_2.1, 6;
    %dup/vec4;
    %pushi/vec4 8, 0, 6;
    %cmp/u;
    %jmp/1 T_2.2, 6;
    %dup/vec4;
    %pushi/vec4 4, 0, 6;
    %cmp/u;
    %jmp/1 T_2.3, 6;
    %dup/vec4;
    %pushi/vec4 2, 0, 6;
    %cmp/u;
    %jmp/1 T_2.4, 6;
    %dup/vec4;
    %pushi/vec4 1, 0, 6;
    %cmp/u;
    %jmp/1 T_2.5, 6;
    %pushi/vec4 0, 0, 32;
    %store/vec4 v00000269e58ce460_0, 0, 32;
    %jmp T_2.7;
T_2.0 ;
    %pushi/vec4 0, 0, 27;
    %load/vec4 v00000269e58ce780_0;
    %concat/vec4; draw_concat_vec4
    %store/vec4 v00000269e58ce460_0, 0, 32;
    %jmp T_2.7;
T_2.1 ;
    %load/vec4 v00000269e58cf2c0_0;
    %parti/s 1, 11, 5;
    %replicate 20;
    %load/vec4 v00000269e58cf2c0_0;
    %concat/vec4; draw_concat_vec4
    %store/vec4 v00000269e58ce460_0, 0, 32;
    %jmp T_2.7;
T_2.2 ;
    %load/vec4 v00000269e58ce5a0_0;
    %parti/s 1, 11, 5;
    %replicate 20;
    %load/vec4 v00000269e58ce5a0_0;
    %concat/vec4; draw_concat_vec4
    %store/vec4 v00000269e58ce460_0, 0, 32;
    %jmp T_2.7;
T_2.3 ;
    %load/vec4 v00000269e58cf720_0;
    %parti/s 1, 11, 5;
    %replicate 19;
    %load/vec4 v00000269e58cf720_0;
    %concat/vec4; draw_concat_vec4
    %concati/vec4 0, 0, 1;
    %store/vec4 v00000269e58ce460_0, 0, 32;
    %jmp T_2.7;
T_2.4 ;
    %load/vec4 v00000269e58ce960_0;
    %concati/vec4 0, 0, 12;
    %store/vec4 v00000269e58ce460_0, 0, 32;
    %jmp T_2.7;
T_2.5 ;
    %load/vec4 v00000269e58cf4a0_0;
    %parti/s 1, 19, 6;
    %replicate 11;
    %load/vec4 v00000269e58cf4a0_0;
    %concat/vec4; draw_concat_vec4
    %concati/vec4 0, 0, 1;
    %store/vec4 v00000269e58ce460_0, 0, 32;
    %jmp T_2.7;
T_2.7 ;
    %pop/vec4 1;
    %jmp T_2;
    .thread T_2, $push;
    .scope S_00000269e5459e50;
T_3 ;
    %wait E_00000269e58c79a0;
    %load/vec4 v00000269e593b650_0;
    %flag_set/vec4 8;
    %jmp/0xz  T_3.0, 8;
    %pushi/vec4 1, 0, 32;
    %store/vec4 v00000269e593a930_0, 0, 32;
T_3.2 ;
    %load/vec4 v00000269e593a930_0;
    %cmpi/s 32, 0, 32;
    %jmp/0xz T_3.3, 5;
    %pushi/vec4 0, 0, 32;
    %ix/getv/s 3, v00000269e593a930_0;
    %ix/load 4, 0, 0; Constant delay
    %assign/vec4/a/d v00000269e593b0b0, 0, 4;
    %load/vec4 v00000269e593a930_0;
    %addi 1, 0, 32;
    %store/vec4 v00000269e593a930_0, 0, 32;
    %jmp T_3.2;
T_3.3 ;
    %jmp T_3.1;
T_3.0 ;
    %load/vec4 v00000269e58cf220_0;
    %flag_set/vec4 8;
    %jmp/0xz  T_3.4, 8;
    %load/vec4 v00000269e58cf360_0;
    %load/vec4 v00000269e58cf040_0;
    %pad/u 7;
    %ix/vec4 3;
    %ix/load 4, 0, 0; Constant delay
    %assign/vec4/a/d v00000269e593b0b0, 0, 4;
T_3.4 ;
T_3.1 ;
    %jmp T_3;
    .thread T_3;
    .scope S_00000269e544a510;
T_4 ;
    %wait E_00000269e58c73e0;
    %load/vec4 v00000269e593b1f0_0;
    %dup/vec4;
    %pushi/vec4 0, 0, 5;
    %cmp/u;
    %jmp/1 T_4.0, 6;
    %dup/vec4;
    %pushi/vec4 1, 0, 5;
    %cmp/u;
    %jmp/1 T_4.1, 6;
    %dup/vec4;
    %pushi/vec4 2, 0, 5;
    %cmp/u;
    %jmp/1 T_4.2, 6;
    %dup/vec4;
    %pushi/vec4 3, 0, 5;
    %cmp/u;
    %jmp/1 T_4.3, 6;
    %dup/vec4;
    %pushi/vec4 4, 0, 5;
    %cmp/u;
    %jmp/1 T_4.4, 6;
    %dup/vec4;
    %pushi/vec4 5, 0, 5;
    %cmp/u;
    %jmp/1 T_4.5, 6;
    %dup/vec4;
    %pushi/vec4 6, 0, 5;
    %cmp/u;
    %jmp/1 T_4.6, 6;
    %dup/vec4;
    %pushi/vec4 7, 0, 5;
    %cmp/u;
    %jmp/1 T_4.7, 6;
    %dup/vec4;
    %pushi/vec4 8, 0, 5;
    %cmp/u;
    %jmp/1 T_4.8, 6;
    %dup/vec4;
    %pushi/vec4 9, 0, 5;
    %cmp/u;
    %jmp/1 T_4.9, 6;
    %dup/vec4;
    %pushi/vec4 10, 0, 5;
    %cmp/u;
    %jmp/1 T_4.10, 6;
    %dup/vec4;
    %pushi/vec4 11, 0, 5;
    %cmp/u;
    %jmp/1 T_4.11, 6;
    %dup/vec4;
    %pushi/vec4 12, 0, 5;
    %cmp/u;
    %jmp/1 T_4.12, 6;
    %dup/vec4;
    %pushi/vec4 13, 0, 5;
    %cmp/u;
    %jmp/1 T_4.13, 6;
    %dup/vec4;
    %pushi/vec4 14, 0, 5;
    %cmp/u;
    %jmp/1 T_4.14, 6;
    %dup/vec4;
    %pushi/vec4 15, 0, 5;
    %cmp/u;
    %jmp/1 T_4.15, 6;
    %dup/vec4;
    %pushi/vec4 16, 0, 5;
    %cmp/u;
    %jmp/1 T_4.16, 6;
    %dup/vec4;
    %pushi/vec4 17, 0, 5;
    %cmp/u;
    %jmp/1 T_4.17, 6;
    %jmp T_4.18;
T_4.0 ;
    %load/vec4 v00000269e593c190_0;
    %store/vec4 v00000269e593ab10_0, 0, 32;
    %jmp T_4.18;
T_4.1 ;
    %load/vec4 v00000269e593b8d0_0;
    %store/vec4 v00000269e593ab10_0, 0, 32;
    %jmp T_4.18;
T_4.2 ;
    %load/vec4 v00000269e593ac50_0;
    %load/vec4 v00000269e593b8d0_0;
    %add;
    %store/vec4 v00000269e593ab10_0, 0, 32;
    %jmp T_4.18;
T_4.3 ;
    %load/vec4 v00000269e593c190_0;
    %load/vec4 v00000269e593b8d0_0;
    %add;
    %store/vec4 v00000269e593ab10_0, 0, 32;
    %jmp T_4.18;
T_4.4 ;
    %load/vec4 v00000269e593c190_0;
    %load/vec4 v00000269e593b8d0_0;
    %sub;
    %store/vec4 v00000269e593ab10_0, 0, 32;
    %jmp T_4.18;
T_4.5 ;
    %pushi/vec4 0, 0, 31;
    %load/vec4 v00000269e593c190_0;
    %load/vec4 v00000269e593b8d0_0;
    %cmp/e;
    %flag_get/vec4 4;
    %concat/vec4; draw_concat_vec4
    %store/vec4 v00000269e593ab10_0, 0, 32;
    %jmp T_4.18;
T_4.6 ;
    %pushi/vec4 0, 0, 31;
    %load/vec4 v00000269e593b8d0_0;
    %load/vec4 v00000269e593c190_0;
    %cmp/s;
    %flag_get/vec4 4;
    %flag_get/vec4 5;
    %or;
    %concat/vec4; draw_concat_vec4
    %store/vec4 v00000269e593ab10_0, 0, 32;
    %jmp T_4.18;
T_4.7 ;
    %pushi/vec4 0, 0, 31;
    %load/vec4 v00000269e593c190_0;
    %load/vec4 v00000269e593b8d0_0;
    %cmp/s;
    %flag_get/vec4 5;
    %concat/vec4; draw_concat_vec4
    %store/vec4 v00000269e593ab10_0, 0, 32;
    %jmp T_4.18;
T_4.8 ;
    %pushi/vec4 0, 0, 31;
    %load/vec4 v00000269e593b8d0_0;
    %load/vec4 v00000269e593c190_0;
    %cmp/u;
    %flag_get/vec4 4;
    %flag_get/vec4 5;
    %or;
    %concat/vec4; draw_concat_vec4
    %store/vec4 v00000269e593ab10_0, 0, 32;
    %jmp T_4.18;
T_4.9 ;
    %pushi/vec4 0, 0, 31;
    %load/vec4 v00000269e593c190_0;
    %load/vec4 v00000269e593b8d0_0;
    %cmp/u;
    %flag_get/vec4 5;
    %concat/vec4; draw_concat_vec4
    %store/vec4 v00000269e593ab10_0, 0, 32;
    %jmp T_4.18;
T_4.10 ;
    %pushi/vec4 0, 0, 31;
    %load/vec4 v00000269e593c190_0;
    %load/vec4 v00000269e593b8d0_0;
    %cmp/s;
    %flag_get/vec4 5;
    %concat/vec4; draw_concat_vec4
    %store/vec4 v00000269e593ab10_0, 0, 32;
    %jmp T_4.18;
T_4.11 ;
    %pushi/vec4 0, 0, 31;
    %load/vec4 v00000269e593c190_0;
    %load/vec4 v00000269e593b8d0_0;
    %cmp/u;
    %flag_get/vec4 5;
    %concat/vec4; draw_concat_vec4
    %store/vec4 v00000269e593ab10_0, 0, 32;
    %jmp T_4.18;
T_4.12 ;
    %load/vec4 v00000269e593c190_0;
    %load/vec4 v00000269e593b8d0_0;
    %xor;
    %store/vec4 v00000269e593ab10_0, 0, 32;
    %jmp T_4.18;
T_4.13 ;
    %load/vec4 v00000269e593c190_0;
    %load/vec4 v00000269e593b8d0_0;
    %or;
    %store/vec4 v00000269e593ab10_0, 0, 32;
    %jmp T_4.18;
T_4.14 ;
    %load/vec4 v00000269e593c190_0;
    %load/vec4 v00000269e593b8d0_0;
    %and;
    %store/vec4 v00000269e593ab10_0, 0, 32;
    %jmp T_4.18;
T_4.15 ;
    %load/vec4 v00000269e593c190_0;
    %load/vec4 v00000269e593b8d0_0;
    %ix/vec4 4;
    %shiftl 4;
    %store/vec4 v00000269e593ab10_0, 0, 32;
    %jmp T_4.18;
T_4.16 ;
    %load/vec4 v00000269e593c190_0;
    %load/vec4 v00000269e593b8d0_0;
    %ix/vec4 4;
    %shiftr 4;
    %store/vec4 v00000269e593ab10_0, 0, 32;
    %jmp T_4.18;
T_4.17 ;
    %load/vec4 v00000269e593c190_0;
    %load/vec4 v00000269e593b8d0_0;
    %ix/vec4 4;
    %shiftr/s 4;
    %store/vec4 v00000269e593ab10_0, 0, 32;
    %jmp T_4.18;
T_4.18 ;
    %pop/vec4 1;
    %jmp T_4;
    .thread T_4, $push;
    .scope S_00000269e5469bd0;
T_5 ;
    %wait E_00000269e58c5220;
    %load/vec4 v00000269e594f310_0;
    %flag_set/vec4 8;
    %jmp/0xz  T_5.0, 8;
    %pushi/vec4 0, 0, 1;
    %assign/vec4 v00000269e594a430_0, 0;
    %jmp T_5.1;
T_5.0 ;
    %pushi/vec4 1, 0, 1;
    %assign/vec4 v00000269e594a430_0, 0;
    %load/vec4 v00000269e5950990_0;
    %assign/vec4 v00000269e594a390_0, 0;
    %load/vec4 v00000269e59512f0_0;
    %assign/vec4 v00000269e594be70_0, 0;
T_5.1 ;
    %jmp T_5;
    .thread T_5;
    .scope S_00000269e5469bd0;
T_6 ;
    %wait E_00000269e58c5220;
    %load/vec4 v00000269e594f310_0;
    %flag_set/vec4 8;
    %jmp/0xz  T_6.0, 8;
    %pushi/vec4 0, 0, 1;
    %assign/vec4 v00000269e594b010_0, 0;
    %pushi/vec4 0, 0, 3;
    %assign/vec4 v00000269e594a570_0, 0;
    %pushi/vec4 0, 0, 32;
    %assign/vec4 v00000269e594aa70_0, 0;
    %jmp T_6.1;
T_6.0 ;
    %load/vec4 v00000269e594be70_0;
    %assign/vec4 v00000269e5949df0_0, 0;
    %load/vec4 v00000269e594a430_0;
    %assign/vec4 v00000269e594b010_0, 0;
    %load/vec4 v00000269e594a390_0;
    %assign/vec4 v00000269e594aa70_0, 0;
    %load/vec4 v00000269e594fa90_0;
    %assign/vec4 v00000269e5949e90_0, 0;
    %load/vec4 v00000269e594fb30_0;
    %assign/vec4 v00000269e594b470_0, 0;
    %load/vec4 v00000269e594eeb0_0;
    %assign/vec4 v00000269e594a250_0, 0;
    %load/vec4 v00000269e594f950_0;
    %assign/vec4 v00000269e594af70_0, 0;
    %load/vec4 v00000269e5950350_0;
    %assign/vec4 v00000269e594a070_0, 0;
    %load/vec4 v00000269e594f130_0;
    %assign/vec4 v00000269e594a2f0_0, 0;
    %load/vec4 v00000269e594ae30_0;
    %assign/vec4 v00000269e594ab10_0, 0;
    %load/vec4 v00000269e5949cb0_0;
    %assign/vec4 v00000269e594b8d0_0, 0;
    %load/vec4 v00000269e594ff90_0;
    %assign/vec4 v00000269e594ac50_0, 0;
    %load/vec4 v00000269e5950850_0;
    %assign/vec4 v00000269e594ba10_0, 0;
    %load/vec4 v00000269e594c2d0_0;
    %assign/vec4 v00000269e594a7f0_0, 0;
    %load/vec4 v00000269e594c190_0;
    %assign/vec4 v00000269e5949fd0_0, 0;
    %load/vec4 v00000269e59507b0_0;
    %assign/vec4 v00000269e594a570_0, 0;
T_6.1 ;
    %jmp T_6;
    .thread T_6;
    .scope S_00000269e5469bd0;
T_7 ;
    %wait E_00000269e58c5220;
    %load/vec4 v00000269e594f310_0;
    %flag_set/vec4 8;
    %jmp/0xz  T_7.0, 8;
    %pushi/vec4 0, 0, 1;
    %assign/vec4 v00000269e594a9d0_0, 0;
    %jmp T_7.1;
T_7.0 ;
    %load/vec4 v00000269e5949df0_0;
    %assign/vec4 v00000269e594a1b0_0, 0;
    %load/vec4 v00000269e594b010_0;
    %assign/vec4 v00000269e594a9d0_0, 0;
    %load/vec4 v00000269e594aa70_0;
    %assign/vec4 v00000269e594b650_0, 0;
    %load/vec4 v00000269e5950a30_0;
    %assign/vec4 v00000269e594aed0_0, 0;
    %load/vec4 v00000269e59507b0_0;
    %assign/vec4 v00000269e5949f30_0, 0;
    %load/vec4 v00000269e594b470_0;
    %assign/vec4 v00000269e594b6f0_0, 0;
    %load/vec4 v00000269e594a2f0_0;
    %assign/vec4 v00000269e594bfb0_0, 0;
    %load/vec4 v00000269e594ac50_0;
    %assign/vec4 v00000269e594b3d0_0, 0;
    %load/vec4 v00000269e5949fd0_0;
    %assign/vec4 v00000269e594a6b0_0, 0;
    %load/vec4 v00000269e594ba10_0;
    %assign/vec4 v00000269e594a750_0, 0;
    %load/vec4 v00000269e594a7f0_0;
    %assign/vec4 v00000269e594b150_0, 0;
T_7.1 ;
    %jmp T_7;
    .thread T_7;
    .scope S_00000269e5469bd0;
T_8 ;
    %wait E_00000269e58c5220;
    %load/vec4 v00000269e594f310_0;
    %flag_set/vec4 8;
    %jmp/0xz  T_8.0, 8;
    %pushi/vec4 0, 0, 1;
    %assign/vec4 v00000269e594c0f0_0, 0;
    %jmp T_8.1;
T_8.0 ;
    %load/vec4 v00000269e594a1b0_0;
    %assign/vec4 v00000269e594b290_0, 0;
    %load/vec4 v00000269e594b650_0;
    %assign/vec4 v00000269e594b330_0, 0;
    %load/vec4 v00000269e594a9d0_0;
    %assign/vec4 v00000269e594c0f0_0, 0;
    %load/vec4 v00000269e594ad90_0;
    %assign/vec4 v00000269e594a4d0_0, 0;
    %load/vec4 v00000269e594aed0_0;
    %assign/vec4 v00000269e594b0b0_0, 0;
    %load/vec4 v00000269e594bfb0_0;
    %assign/vec4 v00000269e594bf10_0, 0;
    %load/vec4 v00000269e594b6f0_0;
    %assign/vec4 v00000269e594b510_0, 0;
    %load/vec4 v00000269e594b3d0_0;
    %assign/vec4 v00000269e594b5b0_0, 0;
    %load/vec4 v00000269e594a750_0;
    %assign/vec4 v00000269e594bdd0_0, 0;
    %load/vec4 v00000269e594a6b0_0;
    %assign/vec4 v00000269e594bd30_0, 0;
T_8.1 ;
    %jmp T_8;
    .thread T_8;
    .scope S_00000269e5469bd0;
T_9 ;
    %wait E_00000269e58c52e0;
    %load/vec4 v00000269e594a570_0;
    %dup/vec4;
    %pushi/vec4 4, 0, 3;
    %cmp/u;
    %jmp/1 T_9.0, 6;
    %dup/vec4;
    %pushi/vec4 2, 0, 3;
    %cmp/u;
    %jmp/1 T_9.1, 6;
    %dup/vec4;
    %pushi/vec4 1, 0, 3;
    %cmp/u;
    %jmp/1 T_9.2, 6;
    %load/vec4 v00000269e5950990_0;
    %store/vec4 v00000269e594f770_0, 0, 32;
    %pushi/vec4 0, 0, 3;
    %store/vec4 v00000269e594f590_0, 0, 3;
    %jmp T_9.4;
T_9.0 ;
    %load/vec4 v00000269e594aa70_0;
    %store/vec4 v00000269e594f770_0, 0, 32;
    %load/vec4 v00000269e594a570_0;
    %store/vec4 v00000269e594f590_0, 0, 3;
    %jmp T_9.4;
T_9.1 ;
    %load/vec4 v00000269e594aa70_0;
    %store/vec4 v00000269e594f770_0, 0, 32;
    %load/vec4 v00000269e594a570_0;
    %store/vec4 v00000269e594f590_0, 0, 3;
    %jmp T_9.4;
T_9.2 ;
    %load/vec4 v00000269e594f630_0;
    %pad/u 32;
    %cmpi/e 1, 0, 32;
    %jmp/0xz  T_9.5, 4;
    %load/vec4 v00000269e594aa70_0;
    %store/vec4 v00000269e594f770_0, 0, 32;
    %load/vec4 v00000269e594a570_0;
    %store/vec4 v00000269e594f590_0, 0, 3;
    %jmp T_9.6;
T_9.5 ;
    %load/vec4 v00000269e5950990_0;
    %store/vec4 v00000269e594f770_0, 0, 32;
    %pushi/vec4 0, 0, 3;
    %store/vec4 v00000269e594f590_0, 0, 3;
T_9.6 ;
    %jmp T_9.4;
T_9.4 ;
    %pop/vec4 1;
    %jmp T_9;
    .thread T_9, $push;
    .scope S_00000269e5469bd0;
T_10 ;
    %wait E_00000269e58c52a0;
    %load/vec4 v00000269e594bdd0_0;
    %dup/vec4;
    %pushi/vec4 0, 0, 2;
    %cmp/u;
    %jmp/1 T_10.0, 6;
    %dup/vec4;
    %pushi/vec4 1, 0, 2;
    %cmp/u;
    %jmp/1 T_10.1, 6;
    %dup/vec4;
    %pushi/vec4 2, 0, 2;
    %cmp/u;
    %jmp/1 T_10.2, 6;
    %pushi/vec4 4294967295, 0, 32;
    %store/vec4 v00000269e5951250_0, 0, 32;
    %jmp T_10.4;
T_10.0 ;
    %load/vec4 v00000269e594b0b0_0;
    %store/vec4 v00000269e5951250_0, 0, 32;
    %jmp T_10.4;
T_10.1 ;
    %load/vec4 v00000269e594a4d0_0;
    %store/vec4 v00000269e5951250_0, 0, 32;
    %jmp T_10.4;
T_10.2 ;
    %load/vec4 v00000269e594b330_0;
    %addi 4, 0, 32;
    %store/vec4 v00000269e5951250_0, 0, 32;
    %jmp T_10.4;
T_10.4 ;
    %pop/vec4 1;
    %jmp T_10;
    .thread T_10, $push;
    .scope S_00000269e58de4e0;
T_11 ;
    %wait E_00000269e58c5220;
    %load/vec4 v00000269e58cff40_0;
    %flag_set/vec4 8;
    %jmp/0xz  T_11.0, 8;
    %load/vec4 v00000269e58cf540_0;
    %dup/vec4;
    %pushi/vec4 0, 0, 3;
    %cmp/u;
    %jmp/1 T_11.2, 6;
    %dup/vec4;
    %pushi/vec4 1, 0, 3;
    %cmp/u;
    %jmp/1 T_11.3, 6;
    %dup/vec4;
    %pushi/vec4 3, 0, 3;
    %cmp/u;
    %jmp/1 T_11.4, 6;
    %jmp T_11.6;
T_11.2 ;
    %load/vec4 v00000269e58cedc0_0;
    %load/vec4 v00000269e58cfb80_0;
    %pad/u 9;
    %ix/vec4 3;
    %ix/load 4, 0, 0; Constant delay
    %assign/vec4/a/d v00000269e58cebe0, 0, 4;
    %jmp T_11.6;
T_11.3 ;
    %load/vec4 v00000269e58cedc0_0;
    %parti/s 16, 0, 2;
    %load/vec4 v00000269e58ce3c0_0;
    %parti/s 16, 0, 2;
    %concat/vec4; draw_concat_vec4
    %load/vec4 v00000269e58cfb80_0;
    %pad/u 9;
    %ix/vec4 3;
    %ix/load 4, 0, 0; Constant delay
    %assign/vec4/a/d v00000269e58cebe0, 0, 4;
    %jmp T_11.6;
T_11.4 ;
    %load/vec4 v00000269e58cedc0_0;
    %parti/s 8, 0, 2;
    %load/vec4 v00000269e58ce3c0_0;
    %parti/s 24, 0, 2;
    %concat/vec4; draw_concat_vec4
    %load/vec4 v00000269e58cfb80_0;
    %pad/u 9;
    %ix/vec4 3;
    %ix/load 4, 0, 0; Constant delay
    %assign/vec4/a/d v00000269e58cebe0, 0, 4;
    %jmp T_11.6;
T_11.6 ;
    %pop/vec4 1;
    %load/vec4 v00000269e58cfb80_0;
    %concati/vec4 0, 0, 2;
    %vpi_call 4 39 "$display", "dmem[0x%08X] = 0x%08X,", S<0,vec4,u9>, v00000269e58cedc0_0 {1 0 0};
T_11.0 ;
    %jmp T_11;
    .thread T_11;
    .scope S_00000269e58de4e0;
T_12 ;
    %wait E_00000269e58c5f20;
    %load/vec4 v00000269e58cf540_0;
    %dup/vec4;
    %pushi/vec4 0, 0, 3;
    %cmp/u;
    %jmp/1 T_12.0, 6;
    %dup/vec4;
    %pushi/vec4 1, 0, 3;
    %cmp/u;
    %jmp/1 T_12.1, 6;
    %dup/vec4;
    %pushi/vec4 2, 0, 3;
    %cmp/u;
    %jmp/1 T_12.2, 6;
    %dup/vec4;
    %pushi/vec4 3, 0, 3;
    %cmp/u;
    %jmp/1 T_12.3, 6;
    %dup/vec4;
    %pushi/vec4 4, 0, 3;
    %cmp/u;
    %jmp/1 T_12.4, 6;
    %pushi/vec4 4294967295, 0, 32;
    %store/vec4 v00000269e58cec80_0, 0, 32;
    %jmp T_12.6;
T_12.0 ;
    %load/vec4 v00000269e58ce3c0_0;
    %store/vec4 v00000269e58cec80_0, 0, 32;
    %jmp T_12.6;
T_12.1 ;
    %load/vec4 v00000269e58ce3c0_0;
    %parti/s 1, 15, 5;
    %replicate 16;
    %load/vec4 v00000269e58ce3c0_0;
    %parti/s 16, 0, 2;
    %concat/vec4; draw_concat_vec4
    %store/vec4 v00000269e58cec80_0, 0, 32;
    %jmp T_12.6;
T_12.2 ;
    %pushi/vec4 0, 0, 16;
    %load/vec4 v00000269e58ce3c0_0;
    %parti/s 16, 0, 2;
    %concat/vec4; draw_concat_vec4
    %store/vec4 v00000269e58cec80_0, 0, 32;
    %jmp T_12.6;
T_12.3 ;
    %load/vec4 v00000269e58ce3c0_0;
    %parti/s 1, 7, 4;
    %replicate 24;
    %load/vec4 v00000269e58ce3c0_0;
    %parti/s 8, 0, 2;
    %concat/vec4; draw_concat_vec4
    %store/vec4 v00000269e58cec80_0, 0, 32;
    %jmp T_12.6;
T_12.4 ;
    %pushi/vec4 0, 0, 24;
    %load/vec4 v00000269e58ce3c0_0;
    %parti/s 8, 0, 2;
    %concat/vec4; draw_concat_vec4
    %store/vec4 v00000269e58cec80_0, 0, 32;
    %jmp T_12.6;
T_12.6 ;
    %pop/vec4 1;
    %jmp T_12;
    .thread T_12, $push;
    .scope S_00000269e58dfe40;
T_13 ;
    %pushi/vec4 0, 0, 32;
    %store/vec4 v00000269e594ec30_0, 0, 32;
    %end;
    .thread T_13;
    .scope S_00000269e58dfe40;
T_14 ;
    %vpi_call 2 23 "$readmemh", "sim6.dat", v00000269e58cf9a0, 32'sb00000000000000000000000000000000, 32'sb00000000000000000000000011000000 {0 0 0};
    %vpi_func 2 26 "$fopen" 32, "results.txt" {0 0 0};
    %store/vec4 v00000269e594fd10_0, 0, 32;
    %vpi_func 2 27 "$fopen" 32, "debug.txt" {0 0 0};
    %store/vec4 v00000269e5950df0_0, 0, 32;
    %vpi_func 2 28 "$fopen" 32, "pc.txt" {0 0 0};
    %store/vec4 v00000269e594fe50_0, 0, 32;
    %vpi_call 2 30 "$dumpfile", "a.vcd" {0 0 0};
    %vpi_call 2 31 "$dumpvars", 32'sb00000000000000000000000000000000, S_00000269e58dfe40 {0 0 0};
    %pushi/vec4 1, 0, 1;
    %store/vec4 v00000269e5950d50_0, 0, 1;
    %pushi/vec4 1, 0, 1;
    %store/vec4 v00000269e5950210_0, 0, 1;
    %delay 5, 0;
    %pushi/vec4 0, 0, 1;
    %store/vec4 v00000269e5950210_0, 0, 1;
    %delay 20, 0;
    %pushi/vec4 1, 0, 1;
    %store/vec4 v00000269e5950210_0, 0, 1;
    %delay 1000, 0;
    %pushi/vec4 7, 0, 5;
    %store/vec4 v00000269e59503f0_0, 0, 5;
    %end;
    .thread T_14;
    .scope S_00000269e58dfe40;
T_15 ;
    %delay 50, 0;
    %load/vec4 v00000269e5950d50_0;
    %inv;
    %store/vec4 v00000269e5950d50_0, 0, 1;
    %load/vec4 v00000269e5950d50_0;
    %cmpi/e 1, 0, 1;
    %jmp/0xz  T_15.0, 4;
    %load/vec4 v00000269e594ec30_0;
    %cmpi/e 1000, 0, 32;
    %jmp/1 T_15.4, 4;
    %flag_mov 8, 4;
    %load/vec4 v00000269e5950990_0;
    %cmpi/e 4294967295, 4294967295, 32;
    %flag_or 6, 8;
    %flag_mov 4, 6;
T_15.4;
    %jmp/0xz  T_15.2, 4;
    %vpi_call 2 47 "$fclose", v00000269e594fd10_0 {0 0 0};
    %vpi_call 2 48 "$stop" {0 0 0};
    %jmp T_15.3;
T_15.2 ;
    %load/vec4 v00000269e594fef0_0;
    %cmpi/e 1024, 0, 32;
    %jmp/0xz  T_15.5, 4;
    %load/vec4 v00000269e594ec30_0;
    %addi 1, 0, 32;
    %store/vec4 v00000269e594ec30_0, 0, 32;
    %vpi_call 2 52 "$fdisplay", v00000269e594fd10_0, "pc:\011 %h", v00000269e594fef0_0 {0 0 0};
    %vpi_call 2 53 "$fdisplay", v00000269e594fd10_0, "instr:\011\011 %h", v00000269e594fbd0_0 {0 0 0};
    %vpi_call 2 54 "$fdisplay", v00000269e594fd10_0, "rf00-03:\011 %h %h %h %h", 32'sb00000000000000000000000000000000, &A<v00000269e593b0b0, 1>, &A<v00000269e593b0b0, 2>, &A<v00000269e593b0b0, 3> {0 0 0};
    %vpi_call 2 56 "$fdisplay", v00000269e594fd10_0, "rf04-07:\011 %h %h %h %h", &A<v00000269e593b0b0, 4>, &A<v00000269e593b0b0, 5>, &A<v00000269e593b0b0, 6>, &A<v00000269e593b0b0, 7> {0 0 0};
    %vpi_call 2 59 "$fdisplay", v00000269e594fd10_0, "rf08-11:\011 %h %h %h %h", &A<v00000269e593b0b0, 8>, &A<v00000269e593b0b0, 9>, &A<v00000269e593b0b0, 10>, &A<v00000269e593b0b0, 11> {0 0 0};
    %vpi_call 2 62 "$fdisplay", v00000269e594fd10_0, "rf12-15:\011 %h %h %h %h", &A<v00000269e593b0b0, 12>, &A<v00000269e593b0b0, 13>, &A<v00000269e593b0b0, 14>, &A<v00000269e593b0b0, 15> {0 0 0};
    %vpi_call 2 65 "$fdisplay", v00000269e594fd10_0, "rf16-19:\011 %h %h %h %h", &A<v00000269e593b0b0, 16>, &A<v00000269e593b0b0, 17>, &A<v00000269e593b0b0, 18>, &A<v00000269e593b0b0, 19> {0 0 0};
    %vpi_call 2 68 "$fdisplay", v00000269e594fd10_0, "rf20-23:\011 %h %h %h %h", &A<v00000269e593b0b0, 20>, &A<v00000269e593b0b0, 21>, &A<v00000269e593b0b0, 22>, &A<v00000269e593b0b0, 23> {0 0 0};
    %vpi_call 2 71 "$fdisplay", v00000269e594fd10_0, "rf24-27:\011 %h %h %h %h", &A<v00000269e593b0b0, 24>, &A<v00000269e593b0b0, 25>, &A<v00000269e593b0b0, 26>, &A<v00000269e593b0b0, 27> {0 0 0};
    %vpi_call 2 74 "$fdisplay", v00000269e594fd10_0, "rf28-31:\011 %h %h %h %h", &A<v00000269e593b0b0, 28>, &A<v00000269e593b0b0, 29>, &A<v00000269e593b0b0, 30>, &A<v00000269e593b0b0, 31> {0 0 0};
    %vpi_call 2 78 "$fclose", v00000269e594fd10_0 {0 0 0};
    %vpi_call 2 79 "$stop" {0 0 0};
    %jmp T_15.6;
T_15.5 ;
    %load/vec4 v00000269e594ec30_0;
    %addi 1, 0, 32;
    %store/vec4 v00000269e594ec30_0, 0, 32;
    %vpi_call 2 82 "$display", "pc: %h", v00000269e594fef0_0 {0 0 0};
T_15.6 ;
    %vpi_call 2 86 "$fdisplay", v00000269e594fe50_0, "PC = %h", v00000269e5950990_0 {0 0 0};
    %load/vec4 v00000269e594ec30_0;
    %cmpi/s 32, 0, 32;
    %jmp/0xz  T_15.7, 5;
    %vpi_call 2 89 "$fdisplay", v00000269e5950df0_0, "Cycle %0d", v00000269e594ec30_0 {0 0 0};
    %vpi_call 2 92 "$fdisplay", v00000269e5950df0_0, "----- Actual In and Out -----" {0 0 0};
    %vpi_call 2 93 "$fdisplay", v00000269e5950df0_0, "PC_out = %h, inst_in = %h", v00000269e5950990_0, v00000269e59512f0_0 {0 0 0};
    %vpi_call 2 95 "$fdisplay", v00000269e5950df0_0, "Data_in = %h, mem_w = %b", v00000269e594ad90_0, v00000269e594eff0_0 {0 0 0};
    %vpi_call 2 97 "$fdisplay", v00000269e5950df0_0, "Addr_out = %h, Data_out = %h", v00000269e594b970_0, v00000269e594c370_0 {0 0 0};
    %vpi_call 2 99 "$fdisplay", v00000269e5950df0_0, "reg_sel = %d, reg_data = %h", v00000269e5950fd0_0, v00000269e5951390_0 {0 0 0};
    %vpi_call 2 101 "$fdisplay", v00000269e5950df0_0, "DMType_out = %h", v00000269e594a110_0 {0 0 0};
    %vpi_call 2 105 "$fdisplay", v00000269e5950df0_0, "----- IF/ID -----" {0 0 0};
    %vpi_call 2 106 "$fdisplay", v00000269e5950df0_0, "valid = %b, PC = %h, Inst = %h", v00000269e594a430_0, v00000269e594a390_0, v00000269e594be70_0 {0 0 0};
    %vpi_call 2 110 "$fdisplay", v00000269e5950df0_0, "----- ID/EX -----" {0 0 0};
    %vpi_call 2 111 "$fdisplay", v00000269e5950df0_0, "valid = %b, PC = %h, RD1 = %h, RD2 = %h, Imm = %h", v00000269e594b010_0, v00000269e594aa70_0, v00000269e5949e90_0, v00000269e594b470_0, v00000269e594a250_0 {0 0 0};
    %vpi_call 2 115 "$fdisplay", v00000269e5950df0_0, "rs1 = %d, rs2 = %d, rd = %d, ALUOp = %h, ALUSrc = %b, RegWrite = %b, WDSel = %b, DMType = %h, MemWrite = %h", v00000269e594af70_0, v00000269e594a070_0, v00000269e594a2f0_0, v00000269e594ab10_0, v00000269e594b8d0_0, v00000269e594ac50_0, v00000269e594ba10_0, v00000269e594a7f0_0, v00000269e5949fd0_0 {0 0 0};
    %vpi_call 2 124 "$fdisplay", v00000269e5950df0_0, "----- EX/MEM -----" {0 0 0};
    %vpi_call 2 125 "$fdisplay", v00000269e5950df0_0, "valid = %b, PC = %h, ALUResult = %h, RD2 = %h, rd = %d", v00000269e594a9d0_0, v00000269e594b650_0, v00000269e594aed0_0, v00000269e594b6f0_0, v00000269e594bfb0_0 {0 0 0};
    %vpi_call 2 129 "$fdisplay", v00000269e5950df0_0, "RegWrite = %b, MemWrite = %b, WDSel = %b, DMType = %h", v00000269e594b3d0_0, v00000269e594a6b0_0, v00000269e594a750_0, v00000269e594b150_0 {0 0 0};
    %vpi_call 2 134 "$fdisplay", v00000269e5950df0_0, "----- MEM/WB -----" {0 0 0};
    %vpi_call 2 135 "$fdisplay", v00000269e5950df0_0, "valid = %b, PC = %h, MemData = %h, ALUResult = %h, rd = %d", v00000269e594c0f0_0, v00000269e594b330_0, v00000269e594a4d0_0, v00000269e594b0b0_0, v00000269e594bf10_0 {0 0 0};
    %vpi_call 2 139 "$fdisplay", v00000269e5950df0_0, "RegWrite = %b, WDSel = %b\012", v00000269e594b5b0_0, v00000269e594bdd0_0 {0 0 0};
T_15.7 ;
T_15.3 ;
T_15.0 ;
    %jmp T_15;
    .thread T_15;
# The file index is used to find the file name in the following table.
:file_names 13;
    "N/A";
    "<interactive>";
    "sccomp_tb.v";
    "sccomp.v";
    "dm.v";
    "im.v";
    "SCPU.v";
    "EXT.v";
    "NPC.v";
    "PC.v";
    "RF.v";
    "alu.v";
    "ctrl.v";
